#
# A fatal error has been detected by the Java Runtime Environment:
#
#  Internal Error (t:/workspace/open/src/hotspot/os_cpu/windows_x86/os_windows_x86.cpp:145), pid=8160, tid=18304
#  guarantee(result == EXCEPTION_CONTINUE_EXECUTION) failed: Unexpected result from topLevelExceptionFilter
#
# JRE version: OpenJDK Runtime Environment (11.0.2+9) (build 11.0.2+9)
# Java VM: OpenJDK 64-Bit Server VM (11.0.2+9, mixed mode, tiered, compressed oops, g1 gc, windows-amd64)
# No core dump will be written. Minidumps are not enabled by default on client versions of Windows
#
# If you would like to submit a bug report, please visit:
#   http://bugreport.java.com/bugreport/crash.jsp
# The crash happened outside the Java Virtual Machine in native code.
# See problematic frame for where to report the bug.
#

---------------  S U M M A R Y ------------

Command Line: -Dfile.encoding=UTF8 -ea -Xmx1024m 

Host: Intel(R) Core(TM) i7-9700 CPU @ 3.00GHz, 8 cores, 31G,  Windows 10 , 64 bit Build 19041 (10.0.19041.546)
Time: Thu Nov 19 01:57:59 2020 대한민국 표준시 elapsed time: 57 seconds (0d 0h 0m 57s)

---------------  T H R E A D  ---------------

Current thread (0x0000027c7fc25000):  JavaThread "Python Reference Queue" daemon [_thread_in_native, id=18304, stack(0x00000092a6050000,0x00000092a6240000)]

Stack: [0x00000092a6050000,0x00000092a6240000]
Native frames: (J=compiled Java code, j=interpreted, Vv=VM code, C=native code)
V  [jvm.dll+0x63489a]
V  [jvm.dll+0x771f9f]
V  [jvm.dll+0x773648]
V  [jvm.dll+0x773cb7]
V  [jvm.dll+0x25eafc]
V  [jvm.dll+0x63438c]
C  [ntdll.dll+0xa10ff]
C  [ntdll.dll+0x4b474]
C  [ntdll.dll+0x9fc2e]
C  0x00007ffa0eb3735d

Java frames: (J=compiled Java code, j=interpreted, Vv=VM code)
j  org.jpype.ref.JPypeReferenceNative.wake()V+0
j  org.jpype.ref.JPypeReferenceQueue$Worker.run()V+42
j  java.lang.Thread.run()V+11 java.base@11.0.2
v  ~StubRoutines::call_stub

---------------  P R O C E S S  ---------------

Threads class SMR info:
_java_thread_list=0x0000027c44b54340, length=19, elements={
0x0000027c7fc20000, 0x0000027c7fc22000, 0x0000027c7fc1c000, 0x0000027c7fc1d800,
0x0000027c7fc21000, 0x0000027c7fc1d000, 0x0000027c7fc26800, 0x0000027c03f9d800,
0x0000027c7fc27800, 0x0000027c7fc24800, 0x0000027c7fc25000, 0x0000027c28bc2800,
0x0000027c28bc5000, 0x0000027c28bc4800, 0x0000027c28bbf800, 0x0000027c28bc6000,
0x0000027c28bc0800, 0x0000027c28bc2000, 0x0000027c4edb1000
}

Java Threads: ( => current thread )
  0x0000027c7fc20000 JavaThread "main" [_thread_in_native, id=18284, stack(0x00000092a2c00000,0x00000092a2df0000)]
  0x0000027c7fc22000 JavaThread "Reference Handler" daemon [_thread_blocked, id=9604, stack(0x00000092a4cf0000,0x00000092a4ee0000)]
  0x0000027c7fc1c000 JavaThread "Finalizer" daemon [_thread_blocked, id=9608, stack(0x00000092a4ee0000,0x00000092a50d0000)]
  0x0000027c7fc1d800 JavaThread "Signal Dispatcher" daemon [_thread_blocked, id=13420, stack(0x00000092a50d0000,0x00000092a52c0000)]
  0x0000027c7fc21000 JavaThread "Attach Listener" daemon [_thread_blocked, id=14164, stack(0x00000092a52c0000,0x00000092a54b0000)]
  0x0000027c7fc1d000 JavaThread "C2 CompilerThread0" daemon [_thread_blocked, id=16932, stack(0x00000092a54b0000,0x00000092a56a0000)]
  0x0000027c7fc26800 JavaThread "C1 CompilerThread0" daemon [_thread_blocked, id=15992, stack(0x00000092a56a0000,0x00000092a5890000)]
  0x0000027c03f9d800 JavaThread "Sweeper thread" daemon [_thread_blocked, id=11844, stack(0x00000092a5890000,0x00000092a5a80000)]
  0x0000027c7fc27800 JavaThread "Service Thread" daemon [_thread_blocked, id=4052, stack(0x00000092a5a80000,0x00000092a5c70000)]
  0x0000027c7fc24800 JavaThread "Common-Cleaner" daemon [_thread_blocked, id=13596, stack(0x00000092a5e60000,0x00000092a6050000)]
=>0x0000027c7fc25000 JavaThread "Python Reference Queue" daemon [_thread_in_native, id=18304, stack(0x00000092a6050000,0x00000092a6240000)]
  0x0000027c28bc2800 JavaThread "SIGINT handler" daemon [_thread_blocked, id=7460, stack(0x00000092ad0b0000,0x00000092ad2a0000)]
  0x0000027c28bc5000 JavaThread "Thread-0" [_thread_blocked, id=17440, stack(0x00000092ad2a0000,0x00000092ad490000)]
  0x0000027c28bc4800 JavaThread "SIGINT handler" daemon [_thread_blocked, id=18348, stack(0x00000092ad870000,0x00000092ada60000)]
  0x0000027c28bbf800 JavaThread "SIGINT handler" daemon [_thread_blocked, id=4368, stack(0x00000092ada60000,0x00000092adc50000)]
  0x0000027c28bc6000 JavaThread "SIGINT handler" daemon [_thread_blocked, id=13860, stack(0x00000092adc50000,0x00000092ade40000)]
  0x0000027c28bc0800 JavaThread "SIGINT handler" daemon [_thread_blocked, id=16128, stack(0x00000092ade40000,0x00000092ae030000)]
  0x0000027c28bc2000 JavaThread "SIGINT handler" daemon [_thread_blocked, id=16432, stack(0x00000092ae030000,0x00000092ae220000)]
  0x0000027c4edb1000 JavaThread "SIGINT handler" daemon [_thread_blocked, id=13580, stack(0x00000092ae220000,0x00000092ae410000)]

Other Threads:
  0x0000027c72c3f800 VMThread "VM Thread" [stack: 0x00000092a4b00000,0x00000092a4cf0000] [id=14460]
  0x0000027c04154000 WatcherThread [stack: 0x00000092a5c70000,0x00000092a5e60000] [id=16392]
  0x0000027c0379c000 GCTaskThread "GC Thread#0" [stack: 0x00000092a4150000,0x00000092a4340000] [id=9972]
  0x0000027c04353800 GCTaskThread "GC Thread#1" [stack: 0x00000092a6240000,0x00000092a6430000] [id=7464]
  0x0000027c04354000 GCTaskThread "GC Thread#2" [stack: 0x00000092a6430000,0x00000092a6620000] [id=3504]
  0x0000027c0438d800 GCTaskThread "GC Thread#3" [stack: 0x00000092a6620000,0x00000092a6810000] [id=16800]
  0x0000027c0438e000 GCTaskThread "GC Thread#4" [stack: 0x00000092a6810000,0x00000092a6a00000] [id=7224]
  0x0000027c0438f000 GCTaskThread "GC Thread#5" [stack: 0x00000092a6a00000,0x00000092a6bf0000] [id=1888]
  0x0000027c0438f800 GCTaskThread "GC Thread#6" [stack: 0x00000092a6bf0000,0x00000092a6de0000] [id=1332]
  0x0000027c04392800 GCTaskThread "GC Thread#7" [stack: 0x00000092a6de0000,0x00000092a6fd0000] [id=5468]
  0x0000027c03847000 ConcurrentGCThread "G1 Main Marker" [stack: 0x00000092a4340000,0x00000092a4530000] [id=8740]
  0x0000027c039fc800 ConcurrentGCThread "G1 Conc#0" [stack: 0x00000092a4530000,0x00000092a4720000] [id=10348]
  0x0000027c72c41000 ConcurrentGCThread "G1 Conc#1" [stack: 0x00000092a73b0000,0x00000092a75a0000] [id=15604]
  0x0000027c039d6000 ConcurrentGCThread "G1 Refine#0" [stack: 0x00000092a4720000,0x00000092a4910000] [id=11348]
  0x0000027c250dc800 ConcurrentGCThread "G1 Refine#1" [stack: 0x00000092a75a0000,0x00000092a7790000] [id=2912]
  0x0000027c25edf000 ConcurrentGCThread "G1 Refine#2" [stack: 0x00000092a7980000,0x00000092a7b70000] [id=2744]
  0x0000027c03782800 ConcurrentGCThread "G1 Young RemSet Sampling" [stack: 0x00000092a4910000,0x00000092a4b00000] [id=16828]

Threads with active compile tasks:

VM state:not at safepoint (normal execution)

VM Mutex/Monitor currently owned by a thread: None

Heap address: 0x00000000c0000000, size: 1024 MB, Compressed Oops mode: 32-bit
Narrow klass base: 0x0000000000000000, Narrow klass shift: 3
Compressed class space size: 1073741824 Address: 0x0000000100000000

Heap:
 garbage-first heap   total 266240K, used 79695K [0x00000000c0000000, 0x0000000100000000)
  region size 1024K, 2 young (2048K), 0 survivors (0K)
 Metaspace       used 16809K, capacity 17247K, committed 17536K, reserved 1064960K
  class space    used 2198K, capacity 2376K, committed 2432K, reserved 1048576K
Heap Regions: E=young(eden), S=young(survivor), O=old, HS=humongous(starts), HC=humongous(continues), CS=collection set, F=free, A=archive, TAMS=top-at-mark-start (previous, next)
|   0|0x00000000c0000000, 0x00000000c00ffff8, 0x00000000c0100000| 99%| O|  |TAMS 0x00000000c0000000, 0x00000000c0000000| Untracked 
|   1|0x00000000c0100000, 0x00000000c01ffff8, 0x00000000c0200000| 99%| O|  |TAMS 0x00000000c0100000, 0x00000000c0100000| Untracked 
|   2|0x00000000c0200000, 0x00000000c0300000, 0x00000000c0300000|100%| O|  |TAMS 0x00000000c0200000, 0x00000000c0200000| Untracked 
|   3|0x00000000c0300000, 0x00000000c03ffff0, 0x00000000c0400000| 99%| O|  |TAMS 0x00000000c0300000, 0x00000000c0300000| Untracked 
|   4|0x00000000c0400000, 0x00000000c04ffff8, 0x00000000c0500000| 99%| O|  |TAMS 0x00000000c0400000, 0x00000000c0400000| Untracked 
|   5|0x00000000c0500000, 0x00000000c0600000, 0x00000000c0600000|100%| O|  |TAMS 0x00000000c0500000, 0x00000000c0500000| Untracked 
|   6|0x00000000c0600000, 0x00000000c06ffff8, 0x00000000c0700000| 99%| O|  |TAMS 0x00000000c0600000, 0x00000000c0600000| Untracked 
|   7|0x00000000c0700000, 0x00000000c07ffff8, 0x00000000c0800000| 99%| O|  |TAMS 0x00000000c0700000, 0x00000000c0700000| Untracked 
|   8|0x00000000c0800000, 0x00000000c0900000, 0x00000000c0900000|100%| O|  |TAMS 0x00000000c0800000, 0x00000000c0800000| Untracked 
|   9|0x00000000c0900000, 0x00000000c09ffff8, 0x00000000c0a00000| 99%| O|  |TAMS 0x00000000c0900000, 0x00000000c0900000| Untracked 
|  10|0x00000000c0a00000, 0x00000000c0b00000, 0x00000000c0b00000|100%| O|  |TAMS 0x00000000c0a00000, 0x00000000c0a00000| Untracked 
|  11|0x00000000c0b00000, 0x00000000c0bffff0, 0x00000000c0c00000| 99%| O|  |TAMS 0x00000000c0b00000, 0x00000000c0b00000| Untracked 
|  12|0x00000000c0c00000, 0x00000000c0d00000, 0x00000000c0d00000|100%|HS|  |TAMS 0x00000000c0c00000, 0x00000000c0c00000| Untracked 
|  13|0x00000000c0d00000, 0x00000000c0e00000, 0x00000000c0e00000|100%|HC|  |TAMS 0x00000000c0d00000, 0x00000000c0d00000| Untracked 
|  14|0x00000000c0e00000, 0x00000000c0f00000, 0x00000000c0f00000|100%|HS|  |TAMS 0x00000000c0e00000, 0x00000000c0e00000| Untracked 
|  15|0x00000000c0f00000, 0x00000000c1000000, 0x00000000c1000000|100%|HC|  |TAMS 0x00000000c0f00000, 0x00000000c0f00000| Untracked 
|  16|0x00000000c1000000, 0x00000000c1100000, 0x00000000c1100000|100%| O|  |TAMS 0x00000000c1000000, 0x00000000c1000000| Untracked 
|  17|0x00000000c1100000, 0x00000000c1200000, 0x00000000c1200000|100%| O|  |TAMS 0x00000000c1100000, 0x00000000c1100000| Untracked 
|  18|0x00000000c1200000, 0x00000000c1300000, 0x00000000c1300000|100%| O|  |TAMS 0x00000000c1200000, 0x00000000c1200000| Untracked 
|  19|0x00000000c1300000, 0x00000000c1400000, 0x00000000c1400000|100%| O|  |TAMS 0x00000000c1300000, 0x00000000c1300000| Untracked 
|  20|0x00000000c1400000, 0x00000000c1500000, 0x00000000c1500000|100%| O|  |TAMS 0x00000000c1400000, 0x00000000c1400000| Untracked 
|  21|0x00000000c1500000, 0x00000000c1600000, 0x00000000c1600000|100%|HS|  |TAMS 0x00000000c1500000, 0x00000000c1500000| Untracked 
|  22|0x00000000c1600000, 0x00000000c1700000, 0x00000000c1700000|100%|HS|  |TAMS 0x00000000c1600000, 0x00000000c1600000| Untracked 
|  23|0x00000000c1700000, 0x00000000c1800000, 0x00000000c1800000|100%| O|  |TAMS 0x00000000c1700000, 0x00000000c1700000| Untracked 
|  24|0x00000000c1800000, 0x00000000c1900000, 0x00000000c1900000|100%| O|  |TAMS 0x00000000c1800000, 0x00000000c1800000| Untracked 
|  25|0x00000000c1900000, 0x00000000c1a00000, 0x00000000c1a00000|100%|HS|  |TAMS 0x00000000c1900000, 0x00000000c1900000| Untracked 
|  26|0x00000000c1a00000, 0x00000000c1b00000, 0x00000000c1b00000|100%|HC|  |TAMS 0x00000000c1a00000, 0x00000000c1a00000| Untracked 
|  27|0x00000000c1b00000, 0x00000000c1c00000, 0x00000000c1c00000|100%|HS|  |TAMS 0x00000000c1b00000, 0x00000000c1b00000| Untracked 
|  28|0x00000000c1c00000, 0x00000000c1d00000, 0x00000000c1d00000|100%|HC|  |TAMS 0x00000000c1c00000, 0x00000000c1c00000| Untracked 
|  29|0x00000000c1d00000, 0x00000000c1dffff0, 0x00000000c1e00000| 99%| O|  |TAMS 0x00000000c1d00000, 0x00000000c1d00000| Untracked 
|  30|0x00000000c1e00000, 0x00000000c1effff0, 0x00000000c1f00000| 99%| O|  |TAMS 0x00000000c1e00000, 0x00000000c1e00000| Untracked 
|  31|0x00000000c1f00000, 0x00000000c2000000, 0x00000000c2000000|100%|HS|  |TAMS 0x00000000c1f00000, 0x00000000c1f00000| Untracked 
|  32|0x00000000c2000000, 0x00000000c2100000, 0x00000000c2100000|100%|HC|  |TAMS 0x00000000c2000000, 0x00000000c2000000| Untracked 
|  33|0x00000000c2100000, 0x00000000c2200000, 0x00000000c2200000|100%|HS|  |TAMS 0x00000000c2100000, 0x00000000c2100000| Untracked 
|  34|0x00000000c2200000, 0x00000000c2300000, 0x00000000c2300000|100%|HC|  |TAMS 0x00000000c2200000, 0x00000000c2200000| Untracked 
|  35|0x00000000c2300000, 0x00000000c2400000, 0x00000000c2400000|100%| O|  |TAMS 0x00000000c2300000, 0x00000000c2300000| Untracked 
|  36|0x00000000c2400000, 0x00000000c24ffff0, 0x00000000c2500000| 99%| O|  |TAMS 0x00000000c2400000, 0x00000000c2400000| Untracked 
|  37|0x00000000c2500000, 0x00000000c25ffff0, 0x00000000c2600000| 99%| O|  |TAMS 0x00000000c2500000, 0x00000000c2500000| Untracked 
|  38|0x00000000c2600000, 0x00000000c2700000, 0x00000000c2700000|100%| O|  |TAMS 0x00000000c2600000, 0x00000000c2600000| Untracked 
|  39|0x00000000c2700000, 0x00000000c2800000, 0x00000000c2800000|100%| O|  |TAMS 0x00000000c2700000, 0x00000000c2700000| Untracked 
|  40|0x00000000c2800000, 0x00000000c28ffff0, 0x00000000c2900000| 99%| O|  |TAMS 0x00000000c2800000, 0x00000000c2800000| Untracked 
|  41|0x00000000c2900000, 0x00000000c29ffff0, 0x00000000c2a00000| 99%| O|  |TAMS 0x00000000c2900000, 0x00000000c2900000| Untracked 
|  42|0x00000000c2a00000, 0x00000000c2affff0, 0x00000000c2b00000| 99%| O|  |TAMS 0x00000000c2a00000, 0x00000000c2a00000| Untracked 
|  43|0x00000000c2b00000, 0x00000000c2c00000, 0x00000000c2c00000|100%|HS|  |TAMS 0x00000000c2b00000, 0x00000000c2b00000| Untracked 
|  44|0x00000000c2c00000, 0x00000000c2cffff0, 0x00000000c2d00000| 99%| O|  |TAMS 0x00000000c2c00000, 0x00000000c2c00000| Untracked 
|  45|0x00000000c2d00000, 0x00000000c2dffff0, 0x00000000c2e00000| 99%| O|  |TAMS 0x00000000c2d00000, 0x00000000c2d00000| Untracked 
|  46|0x00000000c2e00000, 0x00000000c2f00000, 0x00000000c2f00000|100%| O|  |TAMS 0x00000000c2e00000, 0x00000000c2e00000| Untracked 
|  47|0x00000000c2f00000, 0x00000000c2fffff8, 0x00000000c3000000| 99%| O|  |TAMS 0x00000000c2f00000, 0x00000000c2f00000| Untracked 
|  48|0x00000000c3000000, 0x00000000c30ffff0, 0x00000000c3100000| 99%| O|  |TAMS 0x00000000c3000000, 0x00000000c3000000| Untracked 
|  49|0x00000000c3100000, 0x00000000c3200000, 0x00000000c3200000|100%| O|  |TAMS 0x00000000c3100000, 0x00000000c3100000| Untracked 
|  50|0x00000000c3200000, 0x00000000c32ffff0, 0x00000000c3300000| 99%| O|  |TAMS 0x00000000c3200000, 0x00000000c3200000| Untracked 
|  51|0x00000000c3300000, 0x00000000c3400000, 0x00000000c3400000|100%| O|  |TAMS 0x00000000c3300000, 0x00000000c3300000| Untracked 
|  52|0x00000000c3400000, 0x00000000c34ffff8, 0x00000000c3500000| 99%| O|  |TAMS 0x00000000c3400000, 0x00000000c3400000| Untracked 
|  53|0x00000000c3500000, 0x00000000c35ffff8, 0x00000000c3600000| 99%| O|  |TAMS 0x00000000c3500000, 0x00000000c3500000| Untracked 
|  54|0x00000000c3600000, 0x00000000c36ffff8, 0x00000000c3700000| 99%| O|  |TAMS 0x00000000c3600000, 0x00000000c3600000| Untracked 
|  55|0x00000000c3700000, 0x00000000c37ffff8, 0x00000000c3800000| 99%| O|  |TAMS 0x00000000c3700000, 0x00000000c3700000| Untracked 
|  56|0x00000000c3800000, 0x00000000c38ffff0, 0x00000000c3900000| 99%| O|  |TAMS 0x00000000c3800000, 0x00000000c3800000| Untracked 
|  57|0x00000000c3900000, 0x00000000c3a00000, 0x00000000c3a00000|100%| O|  |TAMS 0x00000000c3900000, 0x00000000c3900000| Untracked 
|  58|0x00000000c3a00000, 0x00000000c3b00000, 0x00000000c3b00000|100%| O|  |TAMS 0x00000000c3a00000, 0x00000000c3a00000| Untracked 
|  59|0x00000000c3b00000, 0x00000000c3bffff8, 0x00000000c3c00000| 99%| O|  |TAMS 0x00000000c3b00000, 0x00000000c3b00000| Untracked 
|  60|0x00000000c3c00000, 0x00000000c3cffff0, 0x00000000c3d00000| 99%| O|  |TAMS 0x00000000c3c00000, 0x00000000c3c00000| Untracked 
|  61|0x00000000c3d00000, 0x00000000c3e00000, 0x00000000c3e00000|100%| O|  |TAMS 0x00000000c3d00000, 0x00000000c3d00000| Untracked 
|  62|0x00000000c3e00000, 0x00000000c3effff8, 0x00000000c3f00000| 99%| O|  |TAMS 0x00000000c3e00000, 0x00000000c3e00000| Untracked 
|  63|0x00000000c3f00000, 0x00000000c3fffff8, 0x00000000c4000000| 99%| O|  |TAMS 0x00000000c3f00000, 0x00000000c3f00000| Untracked 
|  64|0x00000000c4000000, 0x00000000c4100000, 0x00000000c4100000|100%| O|  |TAMS 0x00000000c4000000, 0x00000000c4000000| Untracked 
|  65|0x00000000c4100000, 0x00000000c4200000, 0x00000000c4200000|100%| O|  |TAMS 0x00000000c4100000, 0x00000000c4100000| Untracked 
|  66|0x00000000c4200000, 0x00000000c4300000, 0x00000000c4300000|100%| O|  |TAMS 0x00000000c4200000, 0x00000000c4200000| Untracked 
|  67|0x00000000c4300000, 0x00000000c4400000, 0x00000000c4400000|100%| O|  |TAMS 0x00000000c4300000, 0x00000000c4300000| Untracked 
|  68|0x00000000c4400000, 0x00000000c44ffff8, 0x00000000c4500000| 99%| O|  |TAMS 0x00000000c4400000, 0x00000000c4400000| Untracked 
|  69|0x00000000c4500000, 0x00000000c4600000, 0x00000000c4600000|100%| O|  |TAMS 0x00000000c4500000, 0x00000000c4500000| Untracked 
|  70|0x00000000c4600000, 0x00000000c46ffff8, 0x00000000c4700000| 99%| O|  |TAMS 0x00000000c4600000, 0x00000000c4600000| Untracked 
|  71|0x00000000c4700000, 0x00000000c47ffff8, 0x00000000c4800000| 99%| O|  |TAMS 0x00000000c4700000, 0x00000000c4700000| Untracked 
|  72|0x00000000c4800000, 0x00000000c48fffe0, 0x00000000c4900000| 99%| O|  |TAMS 0x00000000c4800000, 0x00000000c4800000| Untracked 
|  73|0x00000000c4900000, 0x00000000c49ffff8, 0x00000000c4a00000| 99%| O|  |TAMS 0x00000000c4900000, 0x00000000c4900000| Untracked 
|  74|0x00000000c4a00000, 0x00000000c4b00000, 0x00000000c4b00000|100%| O|  |TAMS 0x00000000c4a00000, 0x00000000c4a00000| Untracked 
|  75|0x00000000c4b00000, 0x00000000c4b8a788, 0x00000000c4c00000| 54%| O|  |TAMS 0x00000000c4b00000, 0x00000000c4b00000| Untracked 
|  76|0x00000000c4c00000, 0x00000000c4ca8d80, 0x00000000c4d00000| 65%| O|  |TAMS 0x00000000c4c00000, 0x00000000c4c00000| Untracked 
|  77|0x00000000c4d00000, 0x00000000c4da0c20, 0x00000000c4e00000| 62%| O|  |TAMS 0x00000000c4d00000, 0x00000000c4d00000| Untracked 
|  78|0x00000000c4e00000, 0x00000000c4e00038, 0x00000000c4f00000|  0%| O|  |TAMS 0x00000000c4e00000, 0x00000000c4e00000| Untracked 
|  79|0x00000000c4f00000, 0x00000000c4f00000, 0x00000000c5000000|  0%| F|  |TAMS 0x00000000c4f00000, 0x00000000c4f00000| Untracked 
|  80|0x00000000c5000000, 0x00000000c5000000, 0x00000000c5100000|  0%| F|  |TAMS 0x00000000c5000000, 0x00000000c5000000| Untracked 
|  81|0x00000000c5100000, 0x00000000c5100000, 0x00000000c5200000|  0%| F|  |TAMS 0x00000000c5100000, 0x00000000c5100000| Untracked 
|  82|0x00000000c5200000, 0x00000000c5200000, 0x00000000c5300000|  0%| F|  |TAMS 0x00000000c5200000, 0x00000000c5200000| Untracked 
|  83|0x00000000c5300000, 0x00000000c5300000, 0x00000000c5400000|  0%| F|  |TAMS 0x00000000c5300000, 0x00000000c5300000| Untracked 
|  84|0x00000000c5400000, 0x00000000c5400000, 0x00000000c5500000|  0%| F|  |TAMS 0x00000000c5400000, 0x00000000c5400000| Untracked 
|  85|0x00000000c5500000, 0x00000000c5500000, 0x00000000c5600000|  0%| F|  |TAMS 0x00000000c5500000, 0x00000000c5500000| Untracked 
|  86|0x00000000c5600000, 0x00000000c5600000, 0x00000000c5700000|  0%| F|  |TAMS 0x00000000c5600000, 0x00000000c5600000| Untracked 
|  87|0x00000000c5700000, 0x00000000c5700000, 0x00000000c5800000|  0%| F|  |TAMS 0x00000000c5700000, 0x00000000c5700000| Untracked 
|  88|0x00000000c5800000, 0x00000000c5800000, 0x00000000c5900000|  0%| F|  |TAMS 0x00000000c5800000, 0x00000000c5800000| Untracked 
|  89|0x00000000c5900000, 0x00000000c5900000, 0x00000000c5a00000|  0%| F|  |TAMS 0x00000000c5900000, 0x00000000c5900000| Untracked 
|  90|0x00000000c5a00000, 0x00000000c5a00000, 0x00000000c5b00000|  0%| F|  |TAMS 0x00000000c5a00000, 0x00000000c5a00000| Untracked 
|  91|0x00000000c5b00000, 0x00000000c5b00000, 0x00000000c5c00000|  0%| F|  |TAMS 0x00000000c5b00000, 0x00000000c5b00000| Untracked 
|  92|0x00000000c5c00000, 0x00000000c5c00000, 0x00000000c5d00000|  0%| F|  |TAMS 0x00000000c5c00000, 0x00000000c5c00000| Untracked 
|  93|0x00000000c5d00000, 0x00000000c5d00000, 0x00000000c5e00000|  0%| F|  |TAMS 0x00000000c5d00000, 0x00000000c5d00000| Untracked 
|  94|0x00000000c5e00000, 0x00000000c5e00000, 0x00000000c5f00000|  0%| F|  |TAMS 0x00000000c5e00000, 0x00000000c5e00000| Untracked 
|  95|0x00000000c5f00000, 0x00000000c5f00000, 0x00000000c6000000|  0%| F|  |TAMS 0x00000000c5f00000, 0x00000000c5f00000| Untracked 
|  96|0x00000000c6000000, 0x00000000c6000000, 0x00000000c6100000|  0%| F|  |TAMS 0x00000000c6000000, 0x00000000c6000000| Untracked 
|  97|0x00000000c6100000, 0x00000000c6100000, 0x00000000c6200000|  0%| F|  |TAMS 0x00000000c6100000, 0x00000000c6100000| Untracked 
|  98|0x00000000c6200000, 0x00000000c6200000, 0x00000000c6300000|  0%| F|  |TAMS 0x00000000c6200000, 0x00000000c6200000| Untracked 
|  99|0x00000000c6300000, 0x00000000c6300000, 0x00000000c6400000|  0%| F|  |TAMS 0x00000000c6300000, 0x00000000c6300000| Untracked 
| 100|0x00000000c6400000, 0x00000000c6400000, 0x00000000c6500000|  0%| F|  |TAMS 0x00000000c6400000, 0x00000000c6400000| Untracked 
| 101|0x00000000c6500000, 0x00000000c6500000, 0x00000000c6600000|  0%| F|  |TAMS 0x00000000c6500000, 0x00000000c6500000| Untracked 
| 102|0x00000000c6600000, 0x00000000c6600000, 0x00000000c6700000|  0%| F|  |TAMS 0x00000000c6600000, 0x00000000c6600000| Untracked 
| 103|0x00000000c6700000, 0x00000000c6700000, 0x00000000c6800000|  0%| F|  |TAMS 0x00000000c6700000, 0x00000000c6700000| Untracked 
| 104|0x00000000c6800000, 0x00000000c6800000, 0x00000000c6900000|  0%| F|  |TAMS 0x00000000c6800000, 0x00000000c6800000| Untracked 
| 105|0x00000000c6900000, 0x00000000c6900000, 0x00000000c6a00000|  0%| F|  |TAMS 0x00000000c6900000, 0x00000000c6900000| Untracked 
| 106|0x00000000c6a00000, 0x00000000c6a00000, 0x00000000c6b00000|  0%| F|  |TAMS 0x00000000c6a00000, 0x00000000c6a00000| Untracked 
| 107|0x00000000c6b00000, 0x00000000c6b00000, 0x00000000c6c00000|  0%| F|  |TAMS 0x00000000c6b00000, 0x00000000c6b00000| Untracked 
| 108|0x00000000c6c00000, 0x00000000c6c00000, 0x00000000c6d00000|  0%| F|  |TAMS 0x00000000c6c00000, 0x00000000c6c00000| Untracked 
| 109|0x00000000c6d00000, 0x00000000c6d00000, 0x00000000c6e00000|  0%| F|  |TAMS 0x00000000c6d00000, 0x00000000c6d00000| Untracked 
| 110|0x00000000c6e00000, 0x00000000c6e00000, 0x00000000c6f00000|  0%| F|  |TAMS 0x00000000c6e00000, 0x00000000c6e00000| Untracked 
| 111|0x00000000c6f00000, 0x00000000c6f00000, 0x00000000c7000000|  0%| F|  |TAMS 0x00000000c6f00000, 0x00000000c6f00000| Untracked 
| 112|0x00000000c7000000, 0x00000000c7000000, 0x00000000c7100000|  0%| F|  |TAMS 0x00000000c7000000, 0x00000000c7000000| Untracked 
| 113|0x00000000c7100000, 0x00000000c7100000, 0x00000000c7200000|  0%| F|  |TAMS 0x00000000c7100000, 0x00000000c7100000| Untracked 
| 114|0x00000000c7200000, 0x00000000c7200000, 0x00000000c7300000|  0%| F|  |TAMS 0x00000000c7200000, 0x00000000c7200000| Untracked 
| 115|0x00000000c7300000, 0x00000000c7300000, 0x00000000c7400000|  0%| F|  |TAMS 0x00000000c7300000, 0x00000000c7300000| Untracked 
| 116|0x00000000c7400000, 0x00000000c7400000, 0x00000000c7500000|  0%| F|  |TAMS 0x00000000c7400000, 0x00000000c7400000| Untracked 
| 117|0x00000000c7500000, 0x00000000c7500000, 0x00000000c7600000|  0%| F|  |TAMS 0x00000000c7500000, 0x00000000c7500000| Untracked 
| 118|0x00000000c7600000, 0x00000000c7600000, 0x00000000c7700000|  0%| F|  |TAMS 0x00000000c7600000, 0x00000000c7600000| Untracked 
| 119|0x00000000c7700000, 0x00000000c7700000, 0x00000000c7800000|  0%| F|  |TAMS 0x00000000c7700000, 0x00000000c7700000| Untracked 
| 120|0x00000000c7800000, 0x00000000c7800000, 0x00000000c7900000|  0%| F|  |TAMS 0x00000000c7800000, 0x00000000c7800000| Untracked 
| 121|0x00000000c7900000, 0x00000000c7900000, 0x00000000c7a00000|  0%| F|  |TAMS 0x00000000c7900000, 0x00000000c7900000| Untracked 
| 122|0x00000000c7a00000, 0x00000000c7a00000, 0x00000000c7b00000|  0%| F|  |TAMS 0x00000000c7a00000, 0x00000000c7a00000| Untracked 
| 123|0x00000000c7b00000, 0x00000000c7b00000, 0x00000000c7c00000|  0%| F|  |TAMS 0x00000000c7b00000, 0x00000000c7b00000| Untracked 
| 124|0x00000000c7c00000, 0x00000000c7c00000, 0x00000000c7d00000|  0%| F|  |TAMS 0x00000000c7c00000, 0x00000000c7c00000| Untracked 
| 125|0x00000000c7d00000, 0x00000000c7d00000, 0x00000000c7e00000|  0%| F|  |TAMS 0x00000000c7d00000, 0x00000000c7d00000| Untracked 
| 126|0x00000000c7e00000, 0x00000000c7e00000, 0x00000000c7f00000|  0%| F|  |TAMS 0x00000000c7e00000, 0x00000000c7e00000| Untracked 
| 127|0x00000000c7f00000, 0x00000000c7f00000, 0x00000000c8000000|  0%| F|  |TAMS 0x00000000c7f00000, 0x00000000c7f00000| Untracked 
| 128|0x00000000c8000000, 0x00000000c8000000, 0x00000000c8100000|  0%| F|  |TAMS 0x00000000c8000000, 0x00000000c8000000| Untracked 
| 129|0x00000000c8100000, 0x00000000c8100000, 0x00000000c8200000|  0%| F|  |TAMS 0x00000000c8100000, 0x00000000c8100000| Untracked 
| 130|0x00000000c8200000, 0x00000000c8200000, 0x00000000c8300000|  0%| F|  |TAMS 0x00000000c8200000, 0x00000000c8200000| Untracked 
| 131|0x00000000c8300000, 0x00000000c8300000, 0x00000000c8400000|  0%| F|  |TAMS 0x00000000c8300000, 0x00000000c8300000| Untracked 
| 132|0x00000000c8400000, 0x00000000c8400000, 0x00000000c8500000|  0%| F|  |TAMS 0x00000000c8400000, 0x00000000c8400000| Untracked 
| 133|0x00000000c8500000, 0x00000000c8500000, 0x00000000c8600000|  0%| F|  |TAMS 0x00000000c8500000, 0x00000000c8500000| Untracked 
| 134|0x00000000c8600000, 0x00000000c8600000, 0x00000000c8700000|  0%| F|  |TAMS 0x00000000c8600000, 0x00000000c8600000| Untracked 
| 135|0x00000000c8700000, 0x00000000c8700000, 0x00000000c8800000|  0%| F|  |TAMS 0x00000000c8700000, 0x00000000c8700000| Untracked 
| 136|0x00000000c8800000, 0x00000000c8800000, 0x00000000c8900000|  0%| F|  |TAMS 0x00000000c8800000, 0x00000000c8800000| Untracked 
| 137|0x00000000c8900000, 0x00000000c8900000, 0x00000000c8a00000|  0%| F|  |TAMS 0x00000000c8900000, 0x00000000c8900000| Untracked 
| 138|0x00000000c8a00000, 0x00000000c8a00000, 0x00000000c8b00000|  0%| F|  |TAMS 0x00000000c8a00000, 0x00000000c8a00000| Untracked 
| 139|0x00000000c8b00000, 0x00000000c8b00000, 0x00000000c8c00000|  0%| F|  |TAMS 0x00000000c8b00000, 0x00000000c8b00000| Untracked 
| 140|0x00000000c8c00000, 0x00000000c8c00000, 0x00000000c8d00000|  0%| F|  |TAMS 0x00000000c8c00000, 0x00000000c8c00000| Untracked 
| 141|0x00000000c8d00000, 0x00000000c8d00000, 0x00000000c8e00000|  0%| F|  |TAMS 0x00000000c8d00000, 0x00000000c8d00000| Untracked 
| 142|0x00000000c8e00000, 0x00000000c8e00000, 0x00000000c8f00000|  0%| F|  |TAMS 0x00000000c8e00000, 0x00000000c8e00000| Untracked 
| 143|0x00000000c8f00000, 0x00000000c8f00000, 0x00000000c9000000|  0%| F|  |TAMS 0x00000000c8f00000, 0x00000000c8f00000| Untracked 
| 144|0x00000000c9000000, 0x00000000c9000000, 0x00000000c9100000|  0%| F|  |TAMS 0x00000000c9000000, 0x00000000c9000000| Untracked 
| 145|0x00000000c9100000, 0x00000000c9100000, 0x00000000c9200000|  0%| F|  |TAMS 0x00000000c9100000, 0x00000000c9100000| Untracked 
| 146|0x00000000c9200000, 0x00000000c9200000, 0x00000000c9300000|  0%| F|  |TAMS 0x00000000c9200000, 0x00000000c9200000| Untracked 
| 147|0x00000000c9300000, 0x00000000c9300000, 0x00000000c9400000|  0%| F|  |TAMS 0x00000000c9300000, 0x00000000c9300000| Untracked 
| 148|0x00000000c9400000, 0x00000000c9400000, 0x00000000c9500000|  0%| F|  |TAMS 0x00000000c9400000, 0x00000000c9400000| Untracked 
| 149|0x00000000c9500000, 0x00000000c9500000, 0x00000000c9600000|  0%| F|  |TAMS 0x00000000c9500000, 0x00000000c9500000| Untracked 
| 150|0x00000000c9600000, 0x00000000c9600000, 0x00000000c9700000|  0%| F|  |TAMS 0x00000000c9600000, 0x00000000c9600000| Untracked 
| 151|0x00000000c9700000, 0x00000000c9700000, 0x00000000c9800000|  0%| F|  |TAMS 0x00000000c9700000, 0x00000000c9700000| Untracked 
| 152|0x00000000c9800000, 0x00000000c9800000, 0x00000000c9900000|  0%| F|  |TAMS 0x00000000c9800000, 0x00000000c9800000| Untracked 
| 153|0x00000000c9900000, 0x00000000c9900000, 0x00000000c9a00000|  0%| F|  |TAMS 0x00000000c9900000, 0x00000000c9900000| Untracked 
| 154|0x00000000c9a00000, 0x00000000c9a00000, 0x00000000c9b00000|  0%| F|  |TAMS 0x00000000c9a00000, 0x00000000c9a00000| Untracked 
| 155|0x00000000c9b00000, 0x00000000c9b00000, 0x00000000c9c00000|  0%| F|  |TAMS 0x00000000c9b00000, 0x00000000c9b00000| Untracked 
| 156|0x00000000c9c00000, 0x00000000c9c00000, 0x00000000c9d00000|  0%| F|  |TAMS 0x00000000c9c00000, 0x00000000c9c00000| Untracked 
| 157|0x00000000c9d00000, 0x00000000c9d00000, 0x00000000c9e00000|  0%| F|  |TAMS 0x00000000c9d00000, 0x00000000c9d00000| Untracked 
| 158|0x00000000c9e00000, 0x00000000c9e00000, 0x00000000c9f00000|  0%| F|  |TAMS 0x00000000c9e00000, 0x00000000c9e00000| Untracked 
| 159|0x00000000c9f00000, 0x00000000c9f00000, 0x00000000ca000000|  0%| F|  |TAMS 0x00000000c9f00000, 0x00000000c9f00000| Untracked 
| 160|0x00000000ca000000, 0x00000000ca000000, 0x00000000ca100000|  0%| F|  |TAMS 0x00000000ca000000, 0x00000000ca000000| Untracked 
| 161|0x00000000ca100000, 0x00000000ca100000, 0x00000000ca200000|  0%| F|  |TAMS 0x00000000ca100000, 0x00000000ca100000| Untracked 
| 162|0x00000000ca200000, 0x00000000ca200000, 0x00000000ca300000|  0%| F|  |TAMS 0x00000000ca200000, 0x00000000ca200000| Untracked 
| 163|0x00000000ca300000, 0x00000000ca300000, 0x00000000ca400000|  0%| F|  |TAMS 0x00000000ca300000, 0x00000000ca300000| Untracked 
| 164|0x00000000ca400000, 0x00000000ca400000, 0x00000000ca500000|  0%| F|  |TAMS 0x00000000ca400000, 0x00000000ca400000| Untracked 
| 165|0x00000000ca500000, 0x00000000ca500000, 0x00000000ca600000|  0%| F|  |TAMS 0x00000000ca500000, 0x00000000ca500000| Untracked 
| 166|0x00000000ca600000, 0x00000000ca600000, 0x00000000ca700000|  0%| F|  |TAMS 0x00000000ca600000, 0x00000000ca600000| Untracked 
| 167|0x00000000ca700000, 0x00000000ca700000, 0x00000000ca800000|  0%| F|  |TAMS 0x00000000ca700000, 0x00000000ca700000| Untracked 
| 168|0x00000000ca800000, 0x00000000ca800000, 0x00000000ca900000|  0%| F|  |TAMS 0x00000000ca800000, 0x00000000ca800000| Untracked 
| 169|0x00000000ca900000, 0x00000000ca900000, 0x00000000caa00000|  0%| F|  |TAMS 0x00000000ca900000, 0x00000000ca900000| Untracked 
| 170|0x00000000caa00000, 0x00000000caa00000, 0x00000000cab00000|  0%| F|  |TAMS 0x00000000caa00000, 0x00000000caa00000| Untracked 
| 171|0x00000000cab00000, 0x00000000cab00000, 0x00000000cac00000|  0%| F|  |TAMS 0x00000000cab00000, 0x00000000cab00000| Untracked 
| 172|0x00000000cac00000, 0x00000000cac00000, 0x00000000cad00000|  0%| F|  |TAMS 0x00000000cac00000, 0x00000000cac00000| Untracked 
| 173|0x00000000cad00000, 0x00000000cad00000, 0x00000000cae00000|  0%| F|  |TAMS 0x00000000cad00000, 0x00000000cad00000| Untracked 
| 174|0x00000000cae00000, 0x00000000cae00000, 0x00000000caf00000|  0%| F|  |TAMS 0x00000000cae00000, 0x00000000cae00000| Untracked 
| 175|0x00000000caf00000, 0x00000000caf00000, 0x00000000cb000000|  0%| F|  |TAMS 0x00000000caf00000, 0x00000000caf00000| Untracked 
| 176|0x00000000cb000000, 0x00000000cb000000, 0x00000000cb100000|  0%| F|  |TAMS 0x00000000cb000000, 0x00000000cb000000| Untracked 
| 177|0x00000000cb100000, 0x00000000cb100000, 0x00000000cb200000|  0%| F|  |TAMS 0x00000000cb100000, 0x00000000cb100000| Untracked 
| 178|0x00000000cb200000, 0x00000000cb200000, 0x00000000cb300000|  0%| F|  |TAMS 0x00000000cb200000, 0x00000000cb200000| Untracked 
| 179|0x00000000cb300000, 0x00000000cb300000, 0x00000000cb400000|  0%| F|  |TAMS 0x00000000cb300000, 0x00000000cb300000| Untracked 
| 180|0x00000000cb400000, 0x00000000cb400000, 0x00000000cb500000|  0%| F|  |TAMS 0x00000000cb400000, 0x00000000cb400000| Untracked 
| 181|0x00000000cb500000, 0x00000000cb500000, 0x00000000cb600000|  0%| F|  |TAMS 0x00000000cb500000, 0x00000000cb500000| Untracked 
| 182|0x00000000cb600000, 0x00000000cb600000, 0x00000000cb700000|  0%| F|  |TAMS 0x00000000cb600000, 0x00000000cb600000| Untracked 
| 183|0x00000000cb700000, 0x00000000cb700000, 0x00000000cb800000|  0%| F|  |TAMS 0x00000000cb700000, 0x00000000cb700000| Untracked 
| 184|0x00000000cb800000, 0x00000000cb800000, 0x00000000cb900000|  0%| F|  |TAMS 0x00000000cb800000, 0x00000000cb800000| Untracked 
| 185|0x00000000cb900000, 0x00000000cb900000, 0x00000000cba00000|  0%| F|  |TAMS 0x00000000cb900000, 0x00000000cb900000| Untracked 
| 186|0x00000000cba00000, 0x00000000cba00000, 0x00000000cbb00000|  0%| F|  |TAMS 0x00000000cba00000, 0x00000000cba00000| Untracked 
| 187|0x00000000cbb00000, 0x00000000cbb00000, 0x00000000cbc00000|  0%| F|  |TAMS 0x00000000cbb00000, 0x00000000cbb00000| Untracked 
| 188|0x00000000cbc00000, 0x00000000cbc00000, 0x00000000cbd00000|  0%| F|  |TAMS 0x00000000cbc00000, 0x00000000cbc00000| Untracked 
| 189|0x00000000cbd00000, 0x00000000cbd00000, 0x00000000cbe00000|  0%| F|  |TAMS 0x00000000cbd00000, 0x00000000cbd00000| Untracked 
| 190|0x00000000cbe00000, 0x00000000cbe00000, 0x00000000cbf00000|  0%| F|  |TAMS 0x00000000cbe00000, 0x00000000cbe00000| Untracked 
| 191|0x00000000cbf00000, 0x00000000cbf00000, 0x00000000cc000000|  0%| F|  |TAMS 0x00000000cbf00000, 0x00000000cbf00000| Untracked 
| 192|0x00000000cc000000, 0x00000000cc000000, 0x00000000cc100000|  0%| F|  |TAMS 0x00000000cc000000, 0x00000000cc000000| Untracked 
| 193|0x00000000cc100000, 0x00000000cc100000, 0x00000000cc200000|  0%| F|  |TAMS 0x00000000cc100000, 0x00000000cc100000| Untracked 
| 194|0x00000000cc200000, 0x00000000cc200000, 0x00000000cc300000|  0%| F|  |TAMS 0x00000000cc200000, 0x00000000cc200000| Untracked 
| 195|0x00000000cc300000, 0x00000000cc300000, 0x00000000cc400000|  0%| F|  |TAMS 0x00000000cc300000, 0x00000000cc300000| Untracked 
| 196|0x00000000cc400000, 0x00000000cc400000, 0x00000000cc500000|  0%| F|  |TAMS 0x00000000cc400000, 0x00000000cc400000| Untracked 
| 197|0x00000000cc500000, 0x00000000cc500000, 0x00000000cc600000|  0%| F|  |TAMS 0x00000000cc500000, 0x00000000cc500000| Untracked 
| 198|0x00000000cc600000, 0x00000000cc600000, 0x00000000cc700000|  0%| F|  |TAMS 0x00000000cc600000, 0x00000000cc600000| Untracked 
| 199|0x00000000cc700000, 0x00000000cc700000, 0x00000000cc800000|  0%| F|  |TAMS 0x00000000cc700000, 0x00000000cc700000| Untracked 
| 200|0x00000000cc800000, 0x00000000cc800000, 0x00000000cc900000|  0%| F|  |TAMS 0x00000000cc800000, 0x00000000cc800000| Untracked 
| 201|0x00000000cc900000, 0x00000000cc900000, 0x00000000cca00000|  0%| F|  |TAMS 0x00000000cc900000, 0x00000000cc900000| Untracked 
| 202|0x00000000cca00000, 0x00000000cca00000, 0x00000000ccb00000|  0%| F|  |TAMS 0x00000000cca00000, 0x00000000cca00000| Untracked 
| 203|0x00000000ccb00000, 0x00000000ccb00000, 0x00000000ccc00000|  0%| F|  |TAMS 0x00000000ccb00000, 0x00000000ccb00000| Untracked 
| 204|0x00000000ccc00000, 0x00000000ccc00000, 0x00000000ccd00000|  0%| F|  |TAMS 0x00000000ccc00000, 0x00000000ccc00000| Untracked 
| 205|0x00000000ccd00000, 0x00000000ccd00000, 0x00000000cce00000|  0%| F|  |TAMS 0x00000000ccd00000, 0x00000000ccd00000| Untracked 
| 206|0x00000000cce00000, 0x00000000cce00000, 0x00000000ccf00000|  0%| F|  |TAMS 0x00000000cce00000, 0x00000000cce00000| Untracked 
| 207|0x00000000ccf00000, 0x00000000ccf00000, 0x00000000cd000000|  0%| F|  |TAMS 0x00000000ccf00000, 0x00000000ccf00000| Untracked 
| 208|0x00000000cd000000, 0x00000000cd000000, 0x00000000cd100000|  0%| F|  |TAMS 0x00000000cd000000, 0x00000000cd000000| Untracked 
| 209|0x00000000cd100000, 0x00000000cd100000, 0x00000000cd200000|  0%| F|  |TAMS 0x00000000cd100000, 0x00000000cd100000| Untracked 
| 210|0x00000000cd200000, 0x00000000cd200000, 0x00000000cd300000|  0%| F|  |TAMS 0x00000000cd200000, 0x00000000cd200000| Untracked 
| 211|0x00000000cd300000, 0x00000000cd300000, 0x00000000cd400000|  0%| F|  |TAMS 0x00000000cd300000, 0x00000000cd300000| Untracked 
| 212|0x00000000cd400000, 0x00000000cd400000, 0x00000000cd500000|  0%| F|  |TAMS 0x00000000cd400000, 0x00000000cd400000| Untracked 
| 213|0x00000000cd500000, 0x00000000cd500000, 0x00000000cd600000|  0%| F|  |TAMS 0x00000000cd500000, 0x00000000cd500000| Untracked 
| 214|0x00000000cd600000, 0x00000000cd600000, 0x00000000cd700000|  0%| F|  |TAMS 0x00000000cd600000, 0x00000000cd600000| Untracked 
| 215|0x00000000cd700000, 0x00000000cd700000, 0x00000000cd800000|  0%| F|  |TAMS 0x00000000cd700000, 0x00000000cd700000| Untracked 
| 216|0x00000000cd800000, 0x00000000cd800000, 0x00000000cd900000|  0%| F|  |TAMS 0x00000000cd800000, 0x00000000cd800000| Untracked 
| 217|0x00000000cd900000, 0x00000000cd900000, 0x00000000cda00000|  0%| F|  |TAMS 0x00000000cd900000, 0x00000000cd900000| Untracked 
| 218|0x00000000cda00000, 0x00000000cda00000, 0x00000000cdb00000|  0%| F|  |TAMS 0x00000000cda00000, 0x00000000cda00000| Untracked 
| 219|0x00000000cdb00000, 0x00000000cdb00000, 0x00000000cdc00000|  0%| F|  |TAMS 0x00000000cdb00000, 0x00000000cdb00000| Untracked 
| 220|0x00000000cdc00000, 0x00000000cdc00000, 0x00000000cdd00000|  0%| F|  |TAMS 0x00000000cdc00000, 0x00000000cdc00000| Untracked 
| 221|0x00000000cdd00000, 0x00000000cdd00000, 0x00000000cde00000|  0%| F|  |TAMS 0x00000000cdd00000, 0x00000000cdd00000| Untracked 
| 222|0x00000000cde00000, 0x00000000cde00000, 0x00000000cdf00000|  0%| F|  |TAMS 0x00000000cde00000, 0x00000000cde00000| Untracked 
| 223|0x00000000cdf00000, 0x00000000cdf00000, 0x00000000ce000000|  0%| F|  |TAMS 0x00000000cdf00000, 0x00000000cdf00000| Untracked 
| 224|0x00000000ce000000, 0x00000000ce000000, 0x00000000ce100000|  0%| F|  |TAMS 0x00000000ce000000, 0x00000000ce000000| Untracked 
| 225|0x00000000ce100000, 0x00000000ce100000, 0x00000000ce200000|  0%| F|  |TAMS 0x00000000ce100000, 0x00000000ce100000| Untracked 
| 226|0x00000000ce200000, 0x00000000ce200000, 0x00000000ce300000|  0%| F|  |TAMS 0x00000000ce200000, 0x00000000ce200000| Untracked 
| 227|0x00000000ce300000, 0x00000000ce300000, 0x00000000ce400000|  0%| F|  |TAMS 0x00000000ce300000, 0x00000000ce300000| Untracked 
| 228|0x00000000ce400000, 0x00000000ce400000, 0x00000000ce500000|  0%| F|  |TAMS 0x00000000ce400000, 0x00000000ce400000| Untracked 
| 229|0x00000000ce500000, 0x00000000ce500000, 0x00000000ce600000|  0%| F|  |TAMS 0x00000000ce500000, 0x00000000ce500000| Untracked 
| 230|0x00000000ce600000, 0x00000000ce600000, 0x00000000ce700000|  0%| F|  |TAMS 0x00000000ce600000, 0x00000000ce600000| Untracked 
| 231|0x00000000ce700000, 0x00000000ce700000, 0x00000000ce800000|  0%| F|  |TAMS 0x00000000ce700000, 0x00000000ce700000| Untracked 
| 232|0x00000000ce800000, 0x00000000ce800000, 0x00000000ce900000|  0%| F|  |TAMS 0x00000000ce800000, 0x00000000ce800000| Untracked 
| 233|0x00000000ce900000, 0x00000000ce900000, 0x00000000cea00000|  0%| F|  |TAMS 0x00000000ce900000, 0x00000000ce900000| Untracked 
| 234|0x00000000cea00000, 0x00000000cea00000, 0x00000000ceb00000|  0%| F|  |TAMS 0x00000000cea00000, 0x00000000cea00000| Untracked 
| 235|0x00000000ceb00000, 0x00000000ceb00000, 0x00000000cec00000|  0%| F|  |TAMS 0x00000000ceb00000, 0x00000000ceb00000| Untracked 
| 236|0x00000000cec00000, 0x00000000cec00000, 0x00000000ced00000|  0%| F|  |TAMS 0x00000000cec00000, 0x00000000cec00000| Untracked 
| 237|0x00000000ced00000, 0x00000000ced00000, 0x00000000cee00000|  0%| F|  |TAMS 0x00000000ced00000, 0x00000000ced00000| Untracked 
| 238|0x00000000cee00000, 0x00000000cee00000, 0x00000000cef00000|  0%| F|  |TAMS 0x00000000cee00000, 0x00000000cee00000| Untracked 
| 239|0x00000000cef00000, 0x00000000cef00000, 0x00000000cf000000|  0%| F|  |TAMS 0x00000000cef00000, 0x00000000cef00000| Untracked 
| 240|0x00000000cf000000, 0x00000000cf000000, 0x00000000cf100000|  0%| F|  |TAMS 0x00000000cf000000, 0x00000000cf000000| Untracked 
| 241|0x00000000cf100000, 0x00000000cf100000, 0x00000000cf200000|  0%| F|  |TAMS 0x00000000cf100000, 0x00000000cf100000| Untracked 
| 242|0x00000000cf200000, 0x00000000cf200000, 0x00000000cf300000|  0%| F|  |TAMS 0x00000000cf200000, 0x00000000cf200000| Untracked 
| 243|0x00000000cf300000, 0x00000000cf300000, 0x00000000cf400000|  0%| F|  |TAMS 0x00000000cf300000, 0x00000000cf300000| Untracked 
| 244|0x00000000cf400000, 0x00000000cf400000, 0x00000000cf500000|  0%| F|  |TAMS 0x00000000cf400000, 0x00000000cf400000| Untracked 
| 245|0x00000000cf500000, 0x00000000cf500000, 0x00000000cf600000|  0%| F|  |TAMS 0x00000000cf500000, 0x00000000cf500000| Untracked 
| 246|0x00000000cf600000, 0x00000000cf600000, 0x00000000cf700000|  0%| F|  |TAMS 0x00000000cf600000, 0x00000000cf600000| Untracked 
| 247|0x00000000cf700000, 0x00000000cf700000, 0x00000000cf800000|  0%| F|  |TAMS 0x00000000cf700000, 0x00000000cf700000| Untracked 
| 248|0x00000000cf800000, 0x00000000cf800000, 0x00000000cf900000|  0%| F|  |TAMS 0x00000000cf800000, 0x00000000cf800000| Untracked 
| 249|0x00000000cf900000, 0x00000000cf900000, 0x00000000cfa00000|  0%| F|  |TAMS 0x00000000cf900000, 0x00000000cf900000| Untracked 
| 250|0x00000000cfa00000, 0x00000000cfa00000, 0x00000000cfb00000|  0%| F|  |TAMS 0x00000000cfa00000, 0x00000000cfa00000| Untracked 
| 251|0x00000000cfb00000, 0x00000000cfb00000, 0x00000000cfc00000|  0%| F|  |TAMS 0x00000000cfb00000, 0x00000000cfb00000| Untracked 
| 252|0x00000000cfc00000, 0x00000000cfc00000, 0x00000000cfd00000|  0%| F|  |TAMS 0x00000000cfc00000, 0x00000000cfc00000| Untracked 
| 253|0x00000000cfd00000, 0x00000000cfd00000, 0x00000000cfe00000|  0%| F|  |TAMS 0x00000000cfd00000, 0x00000000cfd00000| Untracked 
| 254|0x00000000cfe00000, 0x00000000cfe00000, 0x00000000cff00000|  0%| F|  |TAMS 0x00000000cfe00000, 0x00000000cfe00000| Untracked 
| 255|0x00000000cff00000, 0x00000000cff00000, 0x00000000d0000000|  0%| F|  |TAMS 0x00000000cff00000, 0x00000000cff00000| Untracked 
| 256|0x00000000d0000000, 0x00000000d0000000, 0x00000000d0100000|  0%| F|  |TAMS 0x00000000d0000000, 0x00000000d0000000| Untracked 
| 257|0x00000000d0100000, 0x00000000d0100000, 0x00000000d0200000|  0%| F|  |TAMS 0x00000000d0100000, 0x00000000d0100000| Untracked 
| 258|0x00000000d0200000, 0x00000000d0280800, 0x00000000d0300000| 50%| E|  |TAMS 0x00000000d0200000, 0x00000000d0200000| Complete 
| 259|0x00000000d0300000, 0x00000000d0400000, 0x00000000d0400000|100%| E|CS|TAMS 0x00000000d0300000, 0x00000000d0300000| Complete 

Card table byte_map: [0x0000027c1f4d0000,0x0000027c1f6d0000] _byte_map_base: 0x0000027c1eed0000

Marking Bits (Prev, Next): (CMBitMap*) 0x0000027c03703df0, (CMBitMap*) 0x0000027c03703db8
 Prev Bits: [0x0000027c208d0000, 0x0000027c218d0000)
 Next Bits: [0x0000027c1f8d0000, 0x0000027c208d0000)

Polling page: 0x0000027c04fa0000

Metaspace:

Usage:
  Non-class:     14.52 MB capacity,    14.27 MB ( 98%) used,   218.05 KB (  1%) free+waste,    41.81 KB ( <1%) overhead. 
      Class:      2.32 MB capacity,     2.15 MB ( 93%) used,   156.54 KB (  7%) free+waste,    20.75 KB ( <1%) overhead. 
       Both:     16.84 MB capacity,    16.42 MB ( 97%) used,   374.59 KB (  2%) free+waste,    62.56 KB ( <1%) overhead. 

Virtual space:
  Non-class space:       16.00 MB reserved,      14.75 MB ( 92%) committed 
      Class space:        1.00 GB reserved,       2.38 MB ( <1%) committed 
             Both:        1.02 GB reserved,      17.13 MB (  2%) committed 

Chunk freelists:
   Non-Class:  5.13 KB
       Class:  3.00 KB
        Both:  8.13 KB

CodeHeap 'non-profiled nmethods': size=120000Kb used=2478Kb max_used=2478Kb free=117521Kb
 bounds [0x0000027c17da0000, 0x0000027c18010000, 0x0000027c1f2d0000]
CodeHeap 'profiled nmethods': size=120000Kb used=6265Kb max_used=6265Kb free=113734Kb
 bounds [0x0000027c10870000, 0x0000027c10e90000, 0x0000027c17da0000]
CodeHeap 'non-nmethods': size=5760Kb used=1102Kb max_used=1179Kb free=4657Kb
 bounds [0x0000027c102d0000, 0x0000027c10540000, 0x0000027c10870000]
 total_blobs=5242 nmethods=3402 adapters=317
 compilation: enabled
              stopped_count=0, restarted_count=0
 full_count=0

Compilation events (10 events):
Event: 3.480 Thread 0x0000027c7fc1d000 3269       4       scala.collection.mutable.Seq::$init$ (1 bytes)
Event: 3.480 Thread 0x0000027c7fc1d000 nmethod 3269 0x0000027c17ffcf90 code [0x0000027c17ffd120, 0x0000027c17ffd158]
Event: 3.516 Thread 0x0000027c7fc22800 nmethod 3363 0x0000027c17ffd210 code [0x0000027c17ffd5a0, 0x0000027c18000200]
Event: 3.522 Thread 0x0000027c7fc28800 nmethod 3378 0x0000027c18001f90 code [0x0000027c18002720, 0x0000027c180078c8]
Event: 11.496 Thread 0x0000027c7fc26800 3404   !   3       java.lang.ref.ReferenceQueue::remove (125 bytes)
Event: 11.496 Thread 0x0000027c7fc26800 nmethod 3404 0x0000027c10e8d910 code [0x0000027c10e8db40, 0x0000027c10e8e3e0]
Event: 30.272 Thread 0x0000027c7fc26800 3405       1       org.jpype.ref.JPypeReferenceQueue::access$100 (5 bytes)
Event: 30.272 Thread 0x0000027c7fc26800 nmethod 3405 0x0000027c1800b310 code [0x0000027c1800b4c0, 0x0000027c1800b5b8]
Event: 30.527 Thread 0x0000027c7fc26800 3406       1       org.jpype.ref.JPypeReferenceQueue::access$200 (5 bytes)
Event: 30.527 Thread 0x0000027c7fc26800 nmethod 3406 0x0000027c1800b690 code [0x0000027c1800b840, 0x0000027c1800b938]

GC Heap History (10 events):
Event: 40.270 GC heap before
{Heap before GC invocations=41 (full 20):
 garbage-first heap   total 266240K, used 78671K [0x00000000c0000000, 0x0000000100000000)
  region size 1024K, 1 young (1024K), 0 survivors (0K)
 Metaspace       used 16796K, capacity 17247K, committed 17536K, reserved 1064960K
  class space    used 2196K, capacity 2376K, committed 2432K, reserved 1048576K
}
Event: 40.299 GC heap after
{Heap after GC invocations=42 (full 21):
 garbage-first heap   total 266240K, used 78671K [0x00000000c0000000, 0x0000000100000000)
  region size 1024K, 0 young (0K), 0 survivors (0K)
 Metaspace       used 16796K, capacity 17247K, committed 17536K, reserved 1064960K
  class space    used 2196K, capacity 2376K, committed 2432K, reserved 1048576K
}
Event: 40.392 GC heap before
{Heap before GC invocations=42 (full 21):
 garbage-first heap   total 266240K, used 78671K [0x00000000c0000000, 0x0000000100000000)
  region size 1024K, 1 young (1024K), 0 survivors (0K)
 Metaspace       used 16796K, capacity 17247K, committed 17536K, reserved 1064960K
  class space    used 2196K, capacity 2376K, committed 2432K, reserved 1048576K
}
Event: 40.425 GC heap after
{Heap after GC invocations=43 (full 22):
 garbage-first heap   total 266240K, used 78671K [0x00000000c0000000, 0x0000000100000000)
  region size 1024K, 0 young (0K), 0 survivors (0K)
 Metaspace       used 16796K, capacity 17247K, committed 17536K, reserved 1064960K
  class space    used 2196K, capacity 2376K, committed 2432K, reserved 1048576K
}
Event: 40.526 GC heap before
{Heap before GC invocations=43 (full 22):
 garbage-first heap   total 266240K, used 78671K [0x00000000c0000000, 0x0000000100000000)
  region size 1024K, 1 young (1024K), 0 survivors (0K)
 Metaspace       used 16796K, capacity 17247K, committed 17536K, reserved 1064960K
  class space    used 2196K, capacity 2376K, committed 2432K, reserved 1048576K
}
Event: 40.558 GC heap after
{Heap after GC invocations=44 (full 23):
 garbage-first heap   total 266240K, used 78671K [0x00000000c0000000, 0x0000000100000000)
  region size 1024K, 0 young (0K), 0 survivors (0K)
 Metaspace       used 16796K, capacity 17247K, committed 17536K, reserved 1064960K
  class space    used 2196K, capacity 2376K, committed 2432K, reserved 1048576K
}
Event: 45.372 GC heap before
{Heap before GC invocations=44 (full 23):
 garbage-first heap   total 266240K, used 78671K [0x00000000c0000000, 0x0000000100000000)
  region size 1024K, 1 young (1024K), 0 survivors (0K)
 Metaspace       used 16796K, capacity 17247K, committed 17536K, reserved 1064960K
  class space    used 2196K, capacity 2376K, committed 2432K, reserved 1048576K
}
Event: 45.405 GC heap after
{Heap after GC invocations=45 (full 24):
 garbage-first heap   total 266240K, used 78671K [0x00000000c0000000, 0x0000000100000000)
  region size 1024K, 0 young (0K), 0 survivors (0K)
 Metaspace       used 16796K, capacity 17247K, committed 17536K, reserved 1064960K
  class space    used 2196K, capacity 2376K, committed 2432K, reserved 1048576K
}
Event: 45.990 GC heap before
{Heap before GC invocations=45 (full 24):
 garbage-first heap   total 266240K, used 78671K [0x00000000c0000000, 0x0000000100000000)
  region size 1024K, 1 young (1024K), 0 survivors (0K)
 Metaspace       used 16796K, capacity 17247K, committed 17536K, reserved 1064960K
  class space    used 2196K, capacity 2376K, committed 2432K, reserved 1048576K
}
Event: 46.020 GC heap after
{Heap after GC invocations=46 (full 25):
 garbage-first heap   total 266240K, used 78671K [0x00000000c0000000, 0x0000000100000000)
  region size 1024K, 0 young (0K), 0 survivors (0K)
 Metaspace       used 16796K, capacity 17247K, committed 17536K, reserved 1064960K
  class space    used 2196K, capacity 2376K, committed 2432K, reserved 1048576K
}

Deoptimization events (10 events):
Event: 2.913 Thread 0x0000027c7fc20000 Uncommon trap: reason=bimorphic_or_optimized_type_check action=maybe_recompile pc=0x0000027c17f7a5bc method=scala.collection.immutable.HashMap$HashTrieMap.updated0(Ljava/lang/Object;IILjava/lang/Object;Lscala/Tuple2;Lscala/collection/immutable/HashMap$Mer
Event: 3.052 Thread 0x0000027c7fc20000 Uncommon trap: reason=class_check action=maybe_recompile pc=0x0000027c17f71ac8 method=scala.collection.mutable.MapBuilder.$plus$eq(Lscala/Tuple2;)Lscala/collection/mutable/MapBuilder; @ 6 c2
Event: 3.052 Thread 0x0000027c7fc20000 Uncommon trap: reason=class_check action=maybe_recompile pc=0x0000027c17f71ac8 method=scala.collection.mutable.MapBuilder.$plus$eq(Lscala/Tuple2;)Lscala/collection/mutable/MapBuilder; @ 6 c2
Event: 3.052 Thread 0x0000027c7fc20000 Uncommon trap: reason=class_check action=maybe_recompile pc=0x0000027c17f71ac8 method=scala.collection.mutable.MapBuilder.$plus$eq(Lscala/Tuple2;)Lscala/collection/mutable/MapBuilder; @ 6 c2
Event: 3.052 Thread 0x0000027c7fc20000 Uncommon trap: reason=class_check action=maybe_recompile pc=0x0000027c17f71ac8 method=scala.collection.mutable.MapBuilder.$plus$eq(Lscala/Tuple2;)Lscala/collection/mutable/MapBuilder; @ 6 c2
Event: 3.052 Thread 0x0000027c7fc20000 Uncommon trap: reason=class_check action=maybe_recompile pc=0x0000027c17f70874 method=scala.collection.mutable.MapBuilder.$plus$eq(Lscala/Tuple2;)Lscala/collection/mutable/MapBuilder; @ 6 c2
Event: 3.109 Thread 0x0000027c7fc20000 Uncommon trap: reason=unstable_if action=reinterpret pc=0x0000027c17e73378 method=scala.collection.immutable.HashMap$HashTrieMap.get0(Ljava/lang/Object;II)Lscala/Option; @ 13 c2
Event: 3.120 Thread 0x0000027c7fc20000 Uncommon trap: reason=unstable_if action=reinterpret pc=0x0000027c17f81468 method=scala.collection.immutable.Set$Set4.contains(Ljava/lang/Object;)Z @ 30 c2
Event: 3.124 Thread 0x0000027c7fc20000 Uncommon trap: reason=unstable_if action=reinterpret pc=0x0000027c17f69a8c method=scala.collection.immutable.Set$Set3.contains(Ljava/lang/Object;)Z @ 30 c2
Event: 3.305 Thread 0x0000027c7fc20000 Uncommon trap: reason=unstable_if action=reinterpret pc=0x0000027c17fb523c method=java.util.regex.Pattern$CharProperty.match(Ljava/util/regex/Matcher;ILjava/lang/CharSequence;)Z @ 45 c2

Classes redefined (0 events):
No events

Internal exceptions (10 events):
Event: 0.756 Thread 0x0000027c7fc20000 Exception <a 'java/lang/NoSuchMethodError'{0x00000000c12b0dc8}: java.lang.invoke.Invokers$Holder.linkToTargetMethod(Ljava/lang/Object;ILjava/lang/Object;Ljava/lang/Object;)Ljava/lang/Object;> (0x00000000c12b0dc8) thrown at [t:/workspace/open/src/hotspot/s
Event: 0.759 Thread 0x0000027c7fc20000 Exception <a 'java/lang/NoSuchMethodError'{0x00000000c12d49d8}: java.lang.invoke.Invokers$Holder.linkToTargetMethod(Ljava/lang/Object;ILjava/lang/Object;)Ljava/lang/Object;> (0x00000000c12d49d8) thrown at [t:/workspace/open/src/hotspot/share/interpreter/l
Event: 0.803 Thread 0x0000027c7fc20000 Exception <a 'java/lang/NoSuchMethodError'{0x00000000c10a3e00}: java.lang.invoke.DirectMethodHandle$Holder.invokeStaticInit(Ljava/lang/Object;Ljava/lang/Object;Ljava/lang/Object;Ljava/lang/Object;)Ljava/lang/Object;> (0x00000000c10a3e00) thrown at [t:/wor
Event: 1.536 Thread 0x0000027c7fc20000 Exception <a 'java/lang/NoSuchMethodError'{0x00000000c2697448}: java.lang.invoke.DirectMethodHandle$Holder.invokeStatic(Ljava/lang/Object;IILjava/lang/Object;)Ljava/lang/Object;> (0x00000000c2697448) thrown at [t:/workspace/open/src/hotspot/share/interpre
Event: 2.531 Thread 0x0000027c7fc20000 Exception <a 'java/lang/NoSuchMethodError'{0x00000000cc3ff4a0}: java.lang.invoke.DirectMethodHandle$Holder.invokeStatic(Ljava/lang/Object;Ljava/lang/Object;Ljava/lang/Object;Ljava/lang/Object;ILjava/lang/Object;)Ljava/lang/Object;> (0x00000000cc3ff4a0) th
Event: 2.543 Thread 0x0000027c7fc20000 Exception <a 'java/lang/NoSuchMethodError'{0x00000000d17036c0}: java.lang.invoke.DirectMethodHandle$Holder.invokeSpecial(Ljava/lang/Object;Ljava/lang/Object;Ljava/lang/Object;Ljava/lang/Object;Ljava/lang/Object;ILjava/lang/Object;)Ljava/lang/Object;> (0x0
Event: 2.543 Thread 0x0000027c7fc20000 Exception <a 'java/lang/NoSuchMethodError'{0x00000000d1706a30}: java.lang.invoke.Invokers$Holder.linkToTargetMethod(Ljava/lang/Object;Ljava/lang/Object;Ljava/lang/Object;ILjava/lang/Object;Ljava/lang/Object;)Ljava/lang/Object;> (0x00000000d1706a30) thrown
Event: 2.662 Thread 0x0000027c7fc20000 Exception <a 'java/lang/NoSuchMethodError'{0x00000000cf36f3a8}: java.lang.invoke.DirectMethodHandle$Holder.invokeStaticInit(Ljava/lang/Object;Ljava/lang/Object;Ljava/lang/Object;Ljava/lang/Object;Ljava/lang/Object;)Ljava/lang/Object;> (0x00000000cf36f3a8)
Event: 2.664 Thread 0x0000027c7fc20000 Exception <a 'java/lang/NoSuchMethodError'{0x00000000cf37f238}: java.lang.invoke.Invokers$Holder.invoker(Ljava/lang/Object;Ljava/lang/Object;Ljava/lang/Object;)Ljava/lang/Object;> (0x00000000cf37f238) thrown at [t:/workspace/open/src/hotspot/share/interpr
Event: 2.666 Thread 0x0000027c7fc20000 Exception <a 'java/lang/NoSuchMethodError'{0x00000000cf38f740}: java.lang.invoke.DelegatingMethodHandle$Holder.delegate(Ljava/lang/Object;Ljava/lang/Object;ILjava/lang/Object;)V> (0x00000000cf38f740) thrown at [t:/workspace/open/src/hotspot/share/interpre

Events (10 events):
Event: 48.272 Executing VM operation: RevokeBias
Event: 48.272 Executing VM operation: RevokeBias done
Event: 49.820 Thread 0x0000027c28bc4800 Thread added: 0x0000027c28bc4800
Event: 49.820 Executing VM operation: RevokeBias
Event: 49.820 Executing VM operation: RevokeBias done
Event: 50.933 Thread 0x0000027c28bbf800 Thread added: 0x0000027c28bbf800
Event: 51.340 Thread 0x0000027c28bc6000 Thread added: 0x0000027c28bc6000
Event: 51.524 Thread 0x0000027c28bc0800 Thread added: 0x0000027c28bc0800
Event: 51.700 Thread 0x0000027c28bc2000 Thread added: 0x0000027c28bc2000
Event: 52.044 Thread 0x0000027c4edb1000 Thread added: 0x0000027c4edb1000


Dynamic libraries:
0x00007ff7123f0000 - 0x00007ff71240c000 	C:\Users\Admin\anaconda3\envs\zed_env\python.exe
0x00007ffa69d10000 - 0x00007ffa69f06000 	C:\windows\SYSTEM32\ntdll.dll
0x00007ffa67e10000 - 0x00007ffa67ecd000 	C:\windows\System32\KERNEL32.DLL
0x00007ffa67950000 - 0x00007ffa67c18000 	C:\windows\System32\KERNELBASE.dll
0x00007ffa67c20000 - 0x00007ffa67d20000 	C:\windows\System32\ucrtbase.dll
0x00007ffa65420000 - 0x00007ffa65435000 	C:\Users\Admin\anaconda3\envs\zed_env\VCRUNTIME140.dll
0x00007ffa142d0000 - 0x00007ffa14693000 	C:\Users\Admin\anaconda3\envs\zed_env\python37.dll
0x00007ffa69c70000 - 0x00007ffa69cc5000 	C:\windows\System32\SHLWAPI.dll
0x00007ffa69960000 - 0x00007ffa699fe000 	C:\windows\System32\msvcrt.dll
0x00007ffa69060000 - 0x00007ffa690cb000 	C:\windows\System32\WS2_32.dll
0x00007ffa67ee0000 - 0x00007ffa68004000 	C:\windows\System32\RPCRT4.dll
0x00007ffa69b60000 - 0x00007ffa69c0c000 	C:\windows\System32\ADVAPI32.dll
0x00007ffa67d70000 - 0x00007ffa67e0b000 	C:\windows\System32\sechost.dll
0x00007ffa65c50000 - 0x00007ffa65c5a000 	C:\windows\SYSTEM32\VERSION.dll
0x00007ffa671e0000 - 0x00007ffa671f8000 	C:\windows\SYSTEM32\CRYPTSP.dll
0x00007ffa65f00000 - 0x00007ffa65f34000 	C:\windows\system32\rsaenh.dll
0x00007ffa67810000 - 0x00007ffa67837000 	C:\windows\System32\bcrypt.dll
0x00007ffa66610000 - 0x00007ffa6661c000 	C:\windows\SYSTEM32\CRYPTBASE.dll
0x00007ffa676e0000 - 0x00007ffa6775f000 	C:\windows\System32\bcryptPrimitives.dll
0x00007ffa4a520000 - 0x00007ffa4a52f000 	C:\Users\Admin\anaconda3\envs\zed_env\python3.DLL
0x00007ffa44fe0000 - 0x00007ffa44fe9000 	C:\Users\Admin\anaconda3\envs\zed_env\lib\site-packages\markupsafe\_speedups.cp37-win_amd64.pyd
0x00007ffa3e480000 - 0x00007ffa3e498000 	C:\Users\Admin\anaconda3\envs\zed_env\DLLs\_bz2.pyd
0x00007ffa3ba90000 - 0x00007ffa3bac0000 	C:\Users\Admin\anaconda3\envs\zed_env\DLLs\_lzma.pyd
0x00007ffa43df0000 - 0x00007ffa43dfd000 	C:\Users\Admin\anaconda3\envs\zed_env\DLLs\_hashlib.pyd
0x0000000067e00000 - 0x00000000680a6000 	C:\Program Files\Git\mingw64\bin\libcrypto-1_1-x64.dll
0x00007ffa68ea0000 - 0x00007ffa69040000 	C:\windows\System32\USER32.dll
0x00007ffa67450000 - 0x00007ffa67472000 	C:\windows\System32\win32u.dll
0x00007ffa695d0000 - 0x00007ffa695fa000 	C:\windows\System32\GDI32.dll
0x00007ffa67840000 - 0x00007ffa67949000 	C:\windows\System32\gdi32full.dll
0x00007ffa675e0000 - 0x00007ffa6767d000 	C:\windows\System32\msvcp_win.dll
0x00007ffa695a0000 - 0x00007ffa695d0000 	C:\windows\System32\IMM32.DLL
0x00007ffa360d0000 - 0x00007ffa36114000 	C:\Users\Admin\anaconda3\envs\zed_env\DLLs\_decimal.pyd
0x00007ffa147f0000 - 0x00007ffa148f8000 	C:\Users\Admin\anaconda3\envs\zed_env\DLLs\unicodedata.pyd
0x00007ffa3e460000 - 0x00007ffa3e475000 	C:\Users\Admin\anaconda3\envs\zed_env\DLLs\_socket.pyd
0x00007ffa3ba80000 - 0x00007ffa3ba89000 	C:\Users\Admin\anaconda3\envs\zed_env\DLLs\select.pyd
0x00007ffa3b720000 - 0x00007ffa3b73f000 	C:\Users\Admin\anaconda3\envs\zed_env\DLLs\_ssl.pyd
0x00007ffa67480000 - 0x00007ffa675dd000 	C:\windows\System32\CRYPT32.dll
0x000000006d480000 - 0x000000006d50c000 	C:\Program Files\Git\mingw64\bin\libssl-1_1-x64.dll
0x00007ffa360a0000 - 0x00007ffa360c3000 	C:\Users\Admin\anaconda3\envs\zed_env\DLLs\_ctypes.pyd
0x00007ffa68200000 - 0x00007ffa6832a000 	C:\windows\System32\ole32.dll
0x00007ffa69600000 - 0x00007ffa69955000 	C:\windows\System32\combase.dll
0x00007ffa68010000 - 0x00007ffa680dd000 	C:\windows\System32\OLEAUT32.dll
0x00007ffa68340000 - 0x00007ffa68a81000 	C:\windows\System32\shell32.DLL
0x00007ffa3b710000 - 0x00007ffa3b719000 	C:\Users\Admin\anaconda3\envs\zed_env\DLLs\_queue.pyd
0x00007ffa66710000 - 0x00007ffa6677a000 	C:\windows\system32\mswsock.dll
0x000000006e540000 - 0x00000000701c8000 	C:\Users\Admin\anaconda3\envs\zed_env\lib\site-packages\numpy\.libs\libopenblas.PYQHXLVVQ7VESDPUVUADXEVJOBGHJPAY.gfortran-win_amd64.dll
0x00007ffa14010000 - 0x00007ffa142c7000 	C:\Users\Admin\anaconda3\envs\zed_env\lib\site-packages\numpy\core\_multiarray_umath.cp37-win_amd64.pyd
0x00007ffa377f0000 - 0x00007ffa3780f000 	C:\Users\Admin\anaconda3\envs\zed_env\lib\site-packages\numpy\core\_multiarray_tests.cp37-win_amd64.pyd
0x00007ffa3b700000 - 0x00007ffa3b70b000 	C:\Users\Admin\anaconda3\envs\zed_env\lib\site-packages\numpy\linalg\lapack_lite.cp37-win_amd64.pyd
0x00007ffa35f40000 - 0x00007ffa35f66000 	C:\Users\Admin\anaconda3\envs\zed_env\lib\site-packages\numpy\linalg\_umath_linalg.cp37-win_amd64.pyd
0x00007ffa35f20000 - 0x00007ffa35f40000 	C:\Users\Admin\anaconda3\envs\zed_env\lib\site-packages\numpy\fft\_pocketfft_internal.cp37-win_amd64.pyd
0x00007ffa323d0000 - 0x00007ffa3245d000 	C:\Users\Admin\anaconda3\envs\zed_env\lib\site-packages\numpy\random\mtrand.cp37-win_amd64.pyd
0x00007ffa32710000 - 0x00007ffa32739000 	C:\Users\Admin\anaconda3\envs\zed_env\lib\site-packages\numpy\random\_bit_generator.cp37-win_amd64.pyd
0x00007ffa2a8d0000 - 0x00007ffa2a8fd000 	C:\Users\Admin\anaconda3\envs\zed_env\lib\site-packages\numpy\random\_common.cp37-win_amd64.pyd
0x00007ffa2a880000 - 0x00007ffa2a8c6000 	C:\Users\Admin\anaconda3\envs\zed_env\lib\site-packages\numpy\random\_bounded_integers.cp37-win_amd64.pyd
0x00007ffa35ec0000 - 0x00007ffa35edc000 	C:\Users\Admin\anaconda3\envs\zed_env\lib\site-packages\numpy\random\_mt19937.cp37-win_amd64.pyd
0x00007ffa2a860000 - 0x00007ffa2a877000 	C:\Users\Admin\anaconda3\envs\zed_env\lib\site-packages\numpy\random\_philox.cp37-win_amd64.pyd
0x00007ffa2a840000 - 0x00007ffa2a855000 	C:\Users\Admin\anaconda3\envs\zed_env\lib\site-packages\numpy\random\_pcg64.cp37-win_amd64.pyd
0x00007ffa2a820000 - 0x00007ffa2a832000 	C:\Users\Admin\anaconda3\envs\zed_env\lib\site-packages\numpy\random\_sfc64.cp37-win_amd64.pyd
0x00007ffa14c80000 - 0x00007ffa14d1f000 	C:\Users\Admin\anaconda3\envs\zed_env\lib\site-packages\numpy\random\_generator.cp37-win_amd64.pyd
0x00007ffa146e0000 - 0x00007ffa147ed000 	C:\Users\Admin\anaconda3\envs\zed_env\lib\site-packages\pandas\_libs\interval.cp37-win_amd64.pyd
0x00007ffa13f80000 - 0x00007ffa14001000 	C:\Users\Admin\anaconda3\envs\zed_env\lib\site-packages\pandas\_libs\hashtable.cp37-win_amd64.pyd
0x00007ffa28b50000 - 0x00007ffa28b7b000 	C:\Users\Admin\anaconda3\envs\zed_env\lib\site-packages\pandas\_libs\missing.cp37-win_amd64.pyd
0x00007ffa28b30000 - 0x00007ffa28b4d000 	C:\Users\Admin\anaconda3\envs\zed_env\lib\site-packages\pandas\_libs\tslibs\dtypes.cp37-win_amd64.pyd
0x00007ffa14c40000 - 0x00007ffa14c7c000 	C:\Users\Admin\anaconda3\envs\zed_env\lib\site-packages\pandas\_libs\tslibs\conversion.cp37-win_amd64.pyd
0x00007ffa36090000 - 0x00007ffa3609f000 	C:\Users\Admin\anaconda3\envs\zed_env\lib\site-packages\pandas\_libs\tslibs\base.cp37-win_amd64.pyd
0x00007ffa13f50000 - 0x00007ffa13f7f000 	C:\Users\Admin\anaconda3\envs\zed_env\lib\site-packages\pandas\_libs\tslibs\nattype.cp37-win_amd64.pyd
0x00007ffa34160000 - 0x00007ffa3416f000 	C:\Users\Admin\anaconda3\envs\zed_env\lib\site-packages\pandas\_libs\tslibs\np_datetime.cp37-win_amd64.pyd
0x00007ffa139b0000 - 0x00007ffa139e4000 	C:\Users\Admin\anaconda3\envs\zed_env\lib\site-packages\pandas\_libs\tslibs\timezones.cp37-win_amd64.pyd
0x00007ffa13970000 - 0x00007ffa139ab000 	C:\Users\Admin\anaconda3\envs\zed_env\lib\site-packages\pandas\_libs\tslibs\tzconversion.cp37-win_amd64.pyd
0x00007ffa14c20000 - 0x00007ffa14c32000 	C:\Users\Admin\anaconda3\envs\zed_env\lib\site-packages\pandas\_libs\tslibs\ccalendar.cp37-win_amd64.pyd
0x00007ffa13910000 - 0x00007ffa13961000 	C:\Users\Admin\anaconda3\envs\zed_env\lib\site-packages\pandas\_libs\tslibs\parsing.cp37-win_amd64.pyd
0x00007ffa13840000 - 0x00007ffa13905000 	C:\Users\Admin\anaconda3\envs\zed_env\lib\site-packages\pandas\_libs\tslibs\offsets.cp37-win_amd64.pyd
0x00007ffa137e0000 - 0x00007ffa1383d000 	C:\Users\Admin\anaconda3\envs\zed_env\lib\site-packages\pandas\_libs\tslibs\timedeltas.cp37-win_amd64.pyd
0x00007ffa13780000 - 0x00007ffa137df000 	C:\Users\Admin\anaconda3\envs\zed_env\lib\site-packages\pandas\_libs\tslibs\timestamps.cp37-win_amd64.pyd
0x00007ffa13740000 - 0x00007ffa1377c000 	C:\Users\Admin\anaconda3\envs\zed_env\lib\site-packages\pandas\_libs\tslibs\fields.cp37-win_amd64.pyd
0x00007ffa136f0000 - 0x00007ffa1373d000 	C:\Users\Admin\anaconda3\envs\zed_env\lib\site-packages\pandas\_libs\tslibs\strptime.cp37-win_amd64.pyd
0x00007ffa146c0000 - 0x00007ffa146d3000 	C:\Users\Admin\anaconda3\envs\zed_env\lib\site-packages\pandas\_libs\properties.cp37-win_amd64.pyd
0x00007ffa13690000 - 0x00007ffa136e9000 	C:\Users\Admin\anaconda3\envs\zed_env\lib\site-packages\pandas\_libs\tslibs\period.cp37-win_amd64.pyd
0x00007ffa13650000 - 0x00007ffa13684000 	C:\Users\Admin\anaconda3\envs\zed_env\lib\site-packages\pandas\_libs\tslibs\vectorized.cp37-win_amd64.pyd
0x00007ffa13f30000 - 0x00007ffa13f42000 	C:\Users\Admin\anaconda3\envs\zed_env\lib\site-packages\pandas\_libs\ops_dispatch.cp37-win_amd64.pyd
0x00007ffa13520000 - 0x00007ffa1364f000 	C:\Users\Admin\anaconda3\envs\zed_env\lib\site-packages\pandas\_libs\algos.cp37-win_amd64.pyd
0x00007ffa134b0000 - 0x00007ffa1351f000 	C:\Users\Admin\anaconda3\envs\zed_env\lib\site-packages\pandas\_libs\lib.cp37-win_amd64.pyd
0x00007ffa13480000 - 0x00007ffa134a6000 	C:\Users\Admin\anaconda3\envs\zed_env\lib\site-packages\pandas\_libs\tslib.cp37-win_amd64.pyd
0x00007ffa13450000 - 0x00007ffa1347b000 	C:\Users\Admin\anaconda3\envs\zed_env\lib\site-packages\pandas\_libs\hashing.cp37-win_amd64.pyd
0x00007ffa13410000 - 0x00007ffa13442000 	C:\Users\Admin\anaconda3\envs\zed_env\lib\site-packages\pandas\_libs\ops.cp37-win_amd64.pyd
0x00007ffa13390000 - 0x00007ffa13404000 	C:\Users\Admin\anaconda3\envs\zed_env\lib\site-packages\pandas\_libs\index.cp37-win_amd64.pyd
0x00007ffa131b0000 - 0x00007ffa13382000 	C:\Users\Admin\anaconda3\envs\zed_env\lib\site-packages\pandas\_libs\join.cp37-win_amd64.pyd
0x00007ffa130e0000 - 0x00007ffa131a6000 	C:\Users\Admin\anaconda3\envs\zed_env\lib\site-packages\pandas\_libs\sparse.cp37-win_amd64.pyd
0x00007ffa130a0000 - 0x00007ffa130dc000 	C:\Users\Admin\anaconda3\envs\zed_env\lib\site-packages\pandas\_libs\reshape.cp37-win_amd64.pyd
0x00007ffa33280000 - 0x00007ffa33290000 	C:\Users\Admin\anaconda3\envs\zed_env\lib\site-packages\pandas\_libs\indexing.cp37-win_amd64.pyd
0x00007ffa13060000 - 0x00007ffa13091000 	C:\Users\Admin\anaconda3\envs\zed_env\lib\site-packages\pandas\_libs\writers.cp37-win_amd64.pyd
0x00007ffa13020000 - 0x00007ffa13058000 	C:\Users\Admin\anaconda3\envs\zed_env\lib\site-packages\pandas\_libs\internals.cp37-win_amd64.pyd
0x00007ffa12fc0000 - 0x00007ffa13016000 	C:\Users\Admin\anaconda3\envs\zed_env\lib\site-packages\pandas\_libs\window\aggregations.cp37-win_amd64.pyd
0x00007ffa12f20000 - 0x00007ffa12fbb000 	C:\Users\Admin\anaconda3\envs\zed_env\lib\site-packages\pandas\_libs\window\MSVCP140.dll
0x00007ffa12ef0000 - 0x00007ffa12f19000 	C:\Users\Admin\anaconda3\envs\zed_env\lib\site-packages\pandas\_libs\window\indexers.cp37-win_amd64.pyd
0x00007ffa12e10000 - 0x00007ffa12ef0000 	C:\Users\Admin\anaconda3\envs\zed_env\lib\site-packages\pandas\_libs\groupby.cp37-win_amd64.pyd
0x00007ffa12dc0000 - 0x00007ffa12e04000 	C:\Users\Admin\anaconda3\envs\zed_env\lib\site-packages\pandas\_libs\reduction.cp37-win_amd64.pyd
0x00007ffa12d50000 - 0x00007ffa12dba000 	C:\Users\Admin\anaconda3\envs\zed_env\lib\site-packages\pandas\_libs\parsers.cp37-win_amd64.pyd
0x00007ffa12d30000 - 0x00007ffa12d45000 	C:\Users\Admin\anaconda3\envs\zed_env\lib\site-packages\pandas\_libs\json.cp37-win_amd64.pyd
0x00007ffa12d10000 - 0x00007ffa12d26000 	C:\Users\Admin\anaconda3\envs\zed_env\lib\site-packages\pandas\_libs\testing.cp37-win_amd64.pyd
0x00007ffa072b0000 - 0x00007ffa07672000 	C:\Users\Admin\anaconda3\envs\zed_env\lib\site-packages\lxml\etree.cp37-win_amd64.pyd
0x00007ffa12ce0000 - 0x00007ffa12d09000 	C:\Users\Admin\anaconda3\envs\zed_env\lib\site-packages\lxml\_elementpath.cp37-win_amd64.pyd
0x00007ffa12c30000 - 0x00007ffa12cd2000 	C:\Users\Admin\anaconda3\envs\zed_env\lib\site-packages\_jpype.cp37-win_amd64.pyd
0x00007ffa32700000 - 0x00007ffa32709000 	C:\Users\Admin\anaconda3\envs\zed_env\lib\site-packages\sqlalchemy\cprocessors.cp37-win_amd64.pyd
0x00007ffa32620000 - 0x00007ffa32628000 	C:\Users\Admin\anaconda3\envs\zed_env\lib\site-packages\sqlalchemy\cutils.cp37-win_amd64.pyd
0x00007ffa321c0000 - 0x00007ffa321ca000 	C:\Users\Admin\anaconda3\envs\zed_env\lib\site-packages\sqlalchemy\cresultproxy.cp37-win_amd64.pyd
0x00007ffa66270000 - 0x00007ffa6633b000 	C:\windows\SYSTEM32\DNSAPI.dll
0x00007ffa66230000 - 0x00007ffa6626b000 	C:\windows\SYSTEM32\IPHLPAPI.DLL
0x00007ffa67ed0000 - 0x00007ffa67ed8000 	C:\windows\System32\NSI.dll
0x00007ffa58780000 - 0x00007ffa5878a000 	C:\Windows\System32\rasadhlp.dll
0x00007ffa58680000 - 0x00007ffa586ff000 	C:\windows\System32\fwpuclnt.dll
0x0000000062e80000 - 0x0000000062e9f000 	C:\Program Files\Git\mingw64\bin\ZLIB1.dll
0x00007ffa06780000 - 0x00007ffa072a3000 	C:\Program Files\OpenJDK\jdk-11.0.2\bin\server\jvm.dll
0x00007ffa68a90000 - 0x00007ffa68a98000 	C:\windows\System32\PSAPI.DLL
0x00007ffa5b530000 - 0x00007ffa5b557000 	C:\windows\SYSTEM32\WINMM.dll
0x00007ffa516c0000 - 0x00007ffa516c9000 	C:\windows\SYSTEM32\WSOCK32.dll
0x00007ffa123e0000 - 0x00007ffa123f1000 	C:\Program Files\OpenJDK\jdk-11.0.2\bin\verify.dll
0x00007ffa66c60000 - 0x00007ffa66e44000 	C:\windows\SYSTEM32\DBGHELP.DLL
0x00007ffa66c30000 - 0x00007ffa66c5c000 	C:\windows\SYSTEM32\dbgcore.DLL
0x00007ffa123b0000 - 0x00007ffa123d8000 	C:\Program Files\OpenJDK\jdk-11.0.2\bin\java.dll
0x00007ffa12390000 - 0x00007ffa123a6000 	C:\Program Files\OpenJDK\jdk-11.0.2\bin\zip.dll
0x00007ffa2ba90000 - 0x00007ffa2ba9a000 	C:\Program Files\OpenJDK\jdk-11.0.2\bin\jimage.dll
0x00007ffa644b0000 - 0x00007ffa644c2000 	C:\windows\SYSTEM32\kernel.appcore.dll
0x00007ffa646b0000 - 0x00007ffa64e45000 	C:\windows\SYSTEM32\windows.storage.dll
0x00007ffa667d0000 - 0x00007ffa667fc000 	C:\windows\SYSTEM32\Wldp.dll
0x00007ffa68c40000 - 0x00007ffa68cee000 	C:\windows\System32\SHCORE.dll
0x00007ffa67380000 - 0x00007ffa673a6000 	C:\windows\SYSTEM32\profapi.dll

dbghelp: loaded successfully - version: 4.0.5 - missing functions: none
symbol engine: initialized successfully - sym options: 0x614 - pdb path: .;C:\Users\Admin\anaconda3\envs\zed_env;C:\windows\SYSTEM32;C:\Users\Admin\anaconda3\envs\zed_env\lib\site-packages\markupsafe;C:\Users\Admin\anaconda3\envs\zed_env\DLLs;C:\Program Files\Git\mingw64\bin;C:\Users\Admin\anaconda3\envs\zed_env\lib\site-packages\numpy\.libs;C:\Users\Admin\anaconda3\envs\zed_env\lib\site-packages\numpy\core;C:\Users\Admin\anaconda3\envs\zed_env\lib\site-packages\numpy\linalg;C:\Users\Admin\anaconda3\envs\zed_env\lib\site-packages\numpy\fft;C:\Users\Admin\anaconda3\envs\zed_env\lib\site-packages\numpy\random;C:\Users\Admin\anaconda3\envs\zed_env\lib\site-packages\pandas\_libs;C:\Users\Admin\anaconda3\envs\zed_env\lib\site-packages\pandas\_libs\tslibs;C:\Users\Admin\anaconda3\envs\zed_env\lib\site-packages\pandas\_libs\window;C:\Users\Admin\anaconda3\envs\zed_env\lib\site-packages\lxml;C:\Users\Admin\anaconda3\envs\zed_env\lib\site-packages;C:\Users\Admin\anaconda3\envs\zed_env\lib\site-packages\sqlalchemy;C:\Program Files\OpenJDK\jdk-11.0.2\bin\server;C:\Program Files\OpenJDK\jdk-11.0.2\bin;C:\Users\Admin\anaconda3\envs\zed_env\lib\site-packages\matplotlib;C:\Users\Admin\anaconda3\envs\zed_env\lib\site-packages\PIL;C:\Users\Admin\anaconda3\envs\zed_env\lib\site-packages\matplotlib\backends;C:\windows\WinSxS\amd64_microsoft.windows.common-controls_6595b64144ccf1df_6.0.19041.488_none_ca04af081b815d21;C:\Users\Admin\anaconda3\envs\zed_env\lib\site-packages\google\protobuf\internal;C:\Users\Admin\anaconda3\envs\zed_env\lib\site-packages\google\protobuf\pyext;C:\Users\Admin\anaconda3\envs\zed_env\lib\site-packages\tensorflow\python;C:\Users\Admin\anaconda3\envs\zed_env\lib\site-packages\wrapt;C:\Users\Admin\anaconda3\envs\zed_env\lib\site-packages\tensorflow\python\profiler\internal;C:\Users\Admin\anaconda3\envs\zed_env\lib\site-packages\tensorflow\python\data\experimental\service;C:\Users\Admin\anaconda3\envs\zed_env\lib\site-packages\h5py;C:\Users\Admin\anaconda3\envs\zed_env\lib\site-packages\scipy\.libs;C:\Users\Admin\anaconda3\envs\zed_env\lib\site-packages\scipy\_lib;C:\Users\Admin\anaconda3\envs\zed_env\lib\site-packages\scipy\_lib\_uarray;C:\Users\Admin\anaconda3\envs\zed_env\lib\site-packages\scipy\fft\_pocketfft;C:\Users\Admin\anaconda3\envs\zed_env\lib\site-packages\scipy\sparse;C:\Users\Admin\anaconda3\envs\zed_env\lib\site-packages\scipy\sparse\csgraph;C:\Users\Admin\anaconda3\envs\zed_env\lib\site-packages\tensorflow\lite\experimental\microfrontend\python\ops;C:\Users\Admin\anaconda3\envs\zed_env\lib\site-packages\tensorflow\lite\python\interpreter_wrapper;C:\Users\Admin\anaconda3\envs\zed_env\lib\site-packages\scipy\ndimage;C:\Users\Admin\anaconda3\envs\zed_env\lib\site-packages\scipy\special;C:\Users\Admin\anaconda3\envs\zed_env\lib\site-packages\scipy\linalg;C:\windows\system32\DriverStore\FileRepository\nvhdc.inf_amd64_0f2638b78b585675;c:\Program Files\HP\HP ProtectTools Security Manager\Bin;C:\Windows\System32\IME\IMEKR;C:\Windows\System32\IME\shared

VM Arguments:
jvm_args: -Dfile.encoding=UTF8 -ea -Xmx1024m 
java_command: <unknown>
java_class_path (initial): C:\Users\Admin\anaconda3\envs\zed_env\lib\site-packages\konlpy\java;C:\Users\Admin\anaconda3\envs\zed_env\lib\site-packages\konlpy\java\bin;C:\Users\Admin\anaconda3\envs\zed_env\lib\site-packages\konlpy\java\*;C:\Users\Admin\anaconda3\envs\zed_env\lib\site-packages\konlpy\java\jhannanum-0.8.4.jar;C:\Users\Admin\anaconda3\envs\zed_env\lib\site-packages\konlpy\java\kkma-2.0.jar;C:\Users\Admin\anaconda3\envs\zed_env\lib\site-packages\konlpy\java\aho-corasick.jar;C:\Users\Admin\anaconda3\envs\zed_env\lib\site-packages\konlpy\java\shineware-common-1.0.jar;C:\Users\Admin\anaconda3\envs\zed_env\lib\site-packages\konlpy\java\shineware-ds-1.0.jar;C:\Users\Admin\anaconda3\envs\zed_env\lib\site-packages\konlpy\java\komoran-3.0.jar;C:\Users\Admin\anaconda3\envs\zed_env\lib\site-packages\konlpy\java\snakeyaml-1.12.jar;C:\Users\Admin\anaconda3\envs\zed_env\lib\site-packages\konlpy\java\scala-library-2.12.3.jar;C:\Users\Admin\anaconda3\envs\zed_env\lib\site-packages\konlpy\java\open-korean-text-2.1.0.jar;C:\Users\Admin\anaconda3\envs\zed_env\lib\site-packages\konlpy\java\twitter-text-1.14.7.jar;C:\Users\Admin\anaconda3\envs\zed_env\lib\site-packages\konlpy\java\*
Launcher Type: generic

[Global flags]
     intx CICompilerCount                          = 4                                         {product} {ergonomic}
     uint ConcGCThreads                            = 2                                         {product} {ergonomic}
     uint G1ConcRefinementThreads                  = 8                                         {product} {ergonomic}
   size_t G1HeapRegionSize                         = 1048576                                   {product} {ergonomic}
    uintx GCDrainStackTargetSize                   = 64                                        {product} {ergonomic}
   size_t InitialHeapSize                          = 534773760                                 {product} {ergonomic}
   size_t MarkStackSize                            = 4194304                                   {product} {ergonomic}
   size_t MaxHeapSize                              = 1073741824                                {product} {command line}
   size_t MaxNewSize                               = 643825664                                 {product} {ergonomic}
   size_t MinHeapDeltaBytes                        = 1048576                                   {product} {ergonomic}
    uintx NonNMethodCodeHeapSize                   = 5835340                                {pd product} {ergonomic}
    uintx NonProfiledCodeHeapSize                  = 122911450                              {pd product} {ergonomic}
    uintx ProfiledCodeHeapSize                     = 122911450                              {pd product} {ergonomic}
    uintx ReservedCodeCacheSize                    = 251658240                              {pd product} {ergonomic}
     bool SegmentedCodeCache                       = true                                      {product} {ergonomic}
     bool UseCompressedClassPointers               = true                                 {lp64_product} {ergonomic}
     bool UseCompressedOops                        = true                                 {lp64_product} {ergonomic}
     bool UseG1GC                                  = true                                      {product} {ergonomic}
     bool UseLargePagesIndividualAllocation        = false                                  {pd product} {ergonomic}

Logging:
Log output configuration:
 #0: stdout all=warning uptime,level,tags
 #1: stderr all=off uptime,level,tags

Environment Variables:
JAVA_HOME=C:\Program Files\OpenJDK\jdk-11.0.2
PATH=C:\Program Files\Git\mingw64\bin;C:\Program Files\Git\usr\bin;C:\Users\Admin\bin;C:\Users\Admin\anaconda3\envs\zed_env;C:\Users\Admin\anaconda3\envs\zed_env\Library\mingw-w64\bin;C:\Users\Admin\anaconda3\envs\zed_env\Library\usr\bin;C:\Users\Admin\anaconda3\envs\zed_env\Library\bin;C:\Users\Admin\anaconda3\envs\zed_env\Scripts;C:\Users\Admin\anaconda3\envs\zed_env\bin;C:\Users\Admin\anaconda3\condabin;C:\windows\system32;C:\windows;C:\windows\System32\Wbem;C:\windows\System32\WindowsPowerShell\v1.0;C:\windows\System32\OpenSSH;C:\Program Files\Git\cmd;C:\Program Files\MariaDB 10.5\bin;C:\Users\Admin\anaconda3;C:\Users\Admin\anaconda3\Library;C:\Users\Admin\anaconda3\Scripts;C:\Users\Admin\anaconda3\Library\bin;C:\Users\Admin\AppData\Local\Microsoft\WindowsApps;.;C:\Users\Admin\AppData\Local\Programs\Microsoft VS Code\bin;C:\Users\Admin\anaconda3\envs\zed_env\lib\site-packages\numpy\.libs;C:\Users\Admin\anaconda3\envs\zed_env\lib\site-packages\scipy\.libs
USERNAME=Admin
OS=Windows_NT
PROCESSOR_IDENTIFIER=Intel64 Family 6 Model 158 Stepping 13, GenuineIntel



---------------  S Y S T E M  ---------------

OS: Windows 10 , 64 bit Build 19041 (10.0.19041.546)

CPU:total 8 (initial active 8) (8 cores per cpu, 1 threads per core) family 6 model 158 stepping 13, cmov, cx8, fxsr, mmx, sse, sse2, sse3, ssse3, sse4.1, sse4.2, popcnt, avx, avx2, aes, clmul, erms, 3dnowpref, lzcnt, tsc, tscinvbit, bmi1, bmi2, adx, fma

Memory: 4k page, system-wide physical 32542M (21521M free)
TotalPageFile size 37406M (AvailPageFile size 19093M)
current process WorkingSet (physical memory assigned to process): 764M, peak: 764M
current process commit charge ("private bytes"): 1421M, peak: 1421M

vm_info: OpenJDK 64-Bit Server VM (11.0.2+9) for windows-amd64 JRE (11.0.2+9), built on Jan 18 2019 05:23:22 by "mach5one" with MS VC++ 15.5 (VS2017)

END.
