#
# A fatal error has been detected by the Java Runtime Environment:
#
#  EXCEPTION_UNCAUGHT_CXX_EXCEPTION (0xe06d7363) at pc=0x00007ff8090d3e49, pid=900, tid=20036
#
# JRE version: OpenJDK Runtime Environment (11.0.2+9) (build 11.0.2+9)
# Java VM: OpenJDK 64-Bit Server VM (11.0.2+9, mixed mode, tiered, compressed oops, g1 gc, windows-amd64)
# Problematic frame:
# C  [KERNELBASE.dll+0x23e49]
#
# No core dump will be written. Minidumps are not enabled by default on client versions of Windows
#
# If you would like to submit a bug report, please visit:
#   http://bugreport.java.com/bugreport/crash.jsp
# The crash happened outside the Java Virtual Machine in native code.
# See problematic frame for where to report the bug.
#

---------------  S U M M A R Y ------------

Command Line: -Dfile.encoding=UTF8 -ea -Xmx1024m 

Host: Intel(R) Core(TM) i7-9700 CPU @ 3.00GHz, 8 cores, 31G,  Windows 10 , 64 bit Build 19041 (10.0.19041.546)
Time: Tue Nov 10 16:49:44 2020 대한민국 표준시 elapsed time: 0 seconds (0d 0h 0m 0s)

---------------  T H R E A D  ---------------

Current thread (0x000001ad26706800):  JavaThread "main" [_thread_in_native, id=20036, stack(0x0000009265600000,0x00000092657f0000)]

Stack: [0x0000009265600000,0x00000092657f0000],  sp=0x00000092657e7bc0,  free space=1950k
Native frames: (J=compiled Java code, j=interpreted, Vv=VM code, C=native code)
C  [KERNELBASE.dll+0x23e49]
C  [VCRUNTIME140.dll+0x486d]
C  [_jpype.cp37-win_amd64.pyd+0x45037]  JPPyObject::call+0x127  (jp_pythontypes.cpp:95)
C  [_jpype.cp37-win_amd64.pyd+0x4df8a]  PyJPClass_hook+0x5da  (pyjp_class.cpp:1198)
C  [_jpype.cp37-win_amd64.pyd+0x42a55]  Java_org_jpype_manager_TypeFactoryNative_newWrapper+0x65  (jp_typefactory.cpp:100)
C  0x000001ad34f9f037

Java frames: (J=compiled Java code, j=interpreted, Vv=VM code)
j  org.jpype.manager.TypeFactoryNative.newWrapper(JJ)V+0
j  org.jpype.JPypeContext.newWrapper(J)V+16
v  ~StubRoutines::call_stub

siginfo: EXCEPTION_UNCAUGHT_CXX_EXCEPTION (0xe06d7363), ExceptionInformation=0x0000000019930520 0x00000092657e7d90 0x00007fff95c42448 0x00007fff95bb0000 


Register to memory mapping:

RIP=0x00007ff8090d3e49 KERNELBASE.dll
RAX=0x00007fff95bb0000 _jpype.cp37-win_amd64.pyd::__ImageBase + 0x0
RBX=0x00007fff95c42448 _jpype.cp37-win_amd64.pyd::_TI1?AVJPypeException@@ + 0x0
RCX=0x0 is NULL
RDX=0x000001ad14dbe548 points into unknown readable memory: a4 00 00 00 00 00 00 00
RSP=0x00000092657e7bc0 is pointing into the stack for thread: 0x000001ad26706800
RBP=0x00000092657e7d00 is pointing into the stack for thread: 0x000001ad26706800
RSI=0x000001ad2982e958 points into unknown readable memory: 01 00 00 00 00 00 00 00
RDI=0x00000092657e7d90 is pointing into the stack for thread: 0x000001ad26706800
R8 =0x00007fff00000000 is an unknown value
R9 =0x0000000000000030 is an unknown value
R10=0x00007fff95bcccab _jpype.cp37-win_amd64.pyd::operator new + 0x1f
R11=0x00007fff95c4a000 _jpype.cp37-win_amd64.pyd::__dyn_tls_init_callback + 0xffffffff
R12=0x00000092657e7f18 is pointing into the stack for thread: 0x000001ad26706800
R13=0x000001ad28a68400 points into unknown readable memory: d0 3d c2 95 ff 7f 00 00
R14=0x000001ad2981a318 points into unknown readable memory: 02 00 00 00 00 00 00 00
R15=0x000001ad280d3670 points into unknown readable memory: 07 00 00 00 00 00 00 00


Registers:
RAX=0x00007fff95bb0000, RBX=0x00007fff95c42448, RCX=0x0000000000000000, RDX=0x000001ad14dbe548
RSP=0x00000092657e7bc0, RBP=0x00000092657e7d00, RSI=0x000001ad2982e958, RDI=0x00000092657e7d90
R8 =0x00007fff00000000, R9 =0x0000000000000030, R10=0x00007fff95bcccab, R11=0x00007fff95c4a000
R12=0x00000092657e7f18, R13=0x000001ad28a68400, R14=0x000001ad2981a318, R15=0x000001ad280d3670
RIP=0x00007ff8090d3e49, EFLAGS=0x0000000000000206

Top of Stack: (sp=0x00000092657e7bc0)
0x00000092657e7bc0:   00000092657e7ca0 00007fff95c42448
0x00000092657e7bd0:   000001ad2982e958 00007fff00000000
0x00000092657e7be0:   00000001e06d7363 0000000000000000
0x00000092657e7bf0:   00007ff8090d3e49 0000000000000004
0x00000092657e7c00:   0000000019930520 00000092657e7d90
0x00000092657e7c10:   00007fff95c42448 00007fff95bb0000
0x00000092657e7c20:   000001ad28a68400 00000092657e7f18
0x00000092657e7c30:   000001ad2982e958 00000092657e7d00
0x00000092657e7c40:   00000092657e7d10 00007ff80b3366af
0x00000092657e7c50:   00000092657e7d90 0000000000000000
0x00000092657e7c60:   0000000000000001 00007fff96af8eb6
0x00000092657e7c70:   00007fff95c4a000 00007fff95bb0000
0x00000092657e7c80:   0000fe36e1b499ff 00007fff95bb24ec
0x00000092657e7c90:   00007fff95c42448 00007fffe321486d
0x00000092657e7ca0:   000001ad280d3670 000001ad28a68400
0x00000092657e7cb0:   00000092657e7d50 00000092657e7e89 

Instructions: (pc=0x00007ff8090d3e49)
0x00007ff8090d3e29:   8b d1 44 0f 47 c0 44 89 44 24 38 49 c1 e0 03 e8
0x00007ff8090d3e39:   da c5 06 00 48 8d 4c 24 20 48 ff 15 ff ab 19 00
0x00007ff8090d3e49:   0f 1f 44 00 00 48 8b 8c 24 c0 00 00 00 48 33 cc
0x00007ff8090d3e59:   e8 32 8c 06 00 48 81 c4 d8 00 00 00 c3 cc 83 64 


Stack slot to memory mapping:
stack at sp + 0 slots: 0x00000092657e7ca0 is pointing into the stack for thread: 0x000001ad26706800
stack at sp + 1 slots: 0x00007fff95c42448 _jpype.cp37-win_amd64.pyd::_TI1?AVJPypeException@@ + 0x0
stack at sp + 2 slots: 0x000001ad2982e958 points into unknown readable memory: 01 00 00 00 00 00 00 00
stack at sp + 3 slots: 0x00007fff00000000 is an unknown value
stack at sp + 4 slots: 0x00000001e06d7363 is an unknown value
stack at sp + 5 slots: 0x0 is NULL
stack at sp + 6 slots: 0x00007ff8090d3e49 KERNELBASE.dll
stack at sp + 7 slots: 0x0000000000000004 is an unknown value


---------------  P R O C E S S  ---------------

Threads class SMR info:
_java_thread_list=0x000001ad16f382b0, length=10, elements={
0x000001ad26706800, 0x000001ad26707800, 0x000001ad26709000, 0x000001ad26705000,
0x000001ad26704000, 0x000001ad26708800, 0x000001ad28a34800, 0x000001ad28c01000,
0x000001ad28bfc800, 0x000001ad28c02000
}

Java Threads: ( => current thread )
=>0x000001ad26706800 JavaThread "main" [_thread_in_native, id=20036, stack(0x0000009265600000,0x00000092657f0000)]
  0x000001ad26707800 JavaThread "Reference Handler" daemon [_thread_blocked, id=14180, stack(0x00000092676f0000,0x00000092678e0000)]
  0x000001ad26709000 JavaThread "Finalizer" daemon [_thread_blocked, id=19164, stack(0x00000092678e0000,0x0000009267ad0000)]
  0x000001ad26705000 JavaThread "Attach Listener" daemon [_thread_blocked, id=1420, stack(0x0000009267cc0000,0x0000009267eb0000)]
  0x000001ad26704000 JavaThread "C2 CompilerThread0" daemon [_thread_blocked, id=14712, stack(0x0000009267eb0000,0x00000092680a0000)]
  0x000001ad26708800 JavaThread "C1 CompilerThread0" daemon [_thread_blocked, id=840, stack(0x00000092680a0000,0x0000009268290000)]
  0x000001ad28a34800 JavaThread "Sweeper thread" daemon [_thread_blocked, id=17796, stack(0x0000009268290000,0x0000009268480000)]
  0x000001ad28c01000 JavaThread "Service Thread" daemon [_thread_blocked, id=9124, stack(0x0000009268480000,0x0000009268670000)]
  0x000001ad28bfc800 JavaThread "Common-Cleaner" daemon [_thread_blocked, id=10712, stack(0x0000009268860000,0x0000009268a50000)]
  0x000001ad28c02000 JavaThread "SIGINT handler" daemon [_thread_blocked, id=6824, stack(0x00000092699d0000,0x0000009269bc0000)]

Other Threads:
  0x000001ad289ff000 VMThread "VM Thread" [stack: 0x0000009267500000,0x00000092676f0000] [id=10672] _threads_hazard_ptr=0x000001ad16f382b0
  0x000001ad281aa000 GCTaskThread "GC Thread#0" [stack: 0x0000009266b50000,0x0000009266d40000] [id=13212]
  0x000001ad28ea9000 GCTaskThread "GC Thread#1" [stack: 0x0000009268c40000,0x0000009268e30000] [id=11720]
  0x000001ad28eaa000 GCTaskThread "GC Thread#2" [stack: 0x0000009268e30000,0x0000009269020000] [id=11740]
  0x000001ad28eac800 GCTaskThread "GC Thread#3" [stack: 0x0000009269020000,0x0000009269210000] [id=19404]
  0x000001ad28ead000 GCTaskThread "GC Thread#4" [stack: 0x0000009269210000,0x0000009269400000] [id=16988]
  0x000001ad28eae000 GCTaskThread "GC Thread#5" [stack: 0x0000009269400000,0x00000092695f0000] [id=2644]
  0x000001ad28e86000 GCTaskThread "GC Thread#6" [stack: 0x00000092695f0000,0x00000092697e0000] [id=2260]
  0x000001ad28e8e800 GCTaskThread "GC Thread#7" [stack: 0x00000092697e0000,0x00000092699d0000] [id=19556]
  0x000001ad28342800 ConcurrentGCThread "G1 Main Marker" [stack: 0x0000009266d40000,0x0000009266f30000] [id=2468]
  0x000001ad28343000 ConcurrentGCThread "G1 Conc#0" [stack: 0x0000009266f30000,0x0000009267120000] [id=13596]
  0x000001ad28449000 ConcurrentGCThread "G1 Refine#0" [stack: 0x0000009267120000,0x0000009267310000] [id=8128]
  0x000001ad269ef800 ConcurrentGCThread "G1 Young RemSet Sampling" [stack: 0x0000009267310000,0x0000009267500000] [id=19188]

Threads with active compile tasks:

VM state:at safepoint (normal execution)

VM Mutex/Monitor currently owned by a thread:  ([mutex/lock_event])
[0x000001ad282c9400] Threads_lock - owner thread: 0x000001ad289ff000

Heap address: 0x00000000c0000000, size: 1024 MB, Compressed Oops mode: 32-bit
Narrow klass base: 0x0000000000000000, Narrow klass shift: 3
Compressed class space size: 1073741824 Address: 0x0000000100000000

Heap:
 garbage-first heap   total 17408K, used 1518K [0x00000000c0000000, 0x0000000100000000)
  region size 1024K, 1 young (1024K), 0 survivors (0K)
 Metaspace       used 6724K, capacity 6815K, committed 7040K, reserved 1056768K
  class space    used 589K, capacity 634K, committed 640K, reserved 1048576K
Heap Regions: E=young(eden), S=young(survivor), O=old, HS=humongous(starts), HC=humongous(continues), CS=collection set, F=free, A=archive, TAMS=top-at-mark-start (previous, next)
|   0|0x00000000c0000000, 0x00000000c005af20, 0x00000000c0100000| 35%| O|  |TAMS 0x00000000c0000000, 0x00000000c0000000| Untracked 
|   1|0x00000000c0100000, 0x00000000c0115d60, 0x00000000c0200000|  8%| O|  |TAMS 0x00000000c0100000, 0x00000000c0100000| Untracked 
|   2|0x00000000c0200000, 0x00000000c0200000, 0x00000000c0300000|  0%| F|  |TAMS 0x00000000c0200000, 0x00000000c0200000| Untracked 
|   3|0x00000000c0300000, 0x00000000c0300000, 0x00000000c0400000|  0%| F|  |TAMS 0x00000000c0300000, 0x00000000c0300000| Untracked 
|   4|0x00000000c0400000, 0x00000000c0400000, 0x00000000c0500000|  0%| F|  |TAMS 0x00000000c0400000, 0x00000000c0400000| Untracked 
|   5|0x00000000c0500000, 0x00000000c0500000, 0x00000000c0600000|  0%| F|  |TAMS 0x00000000c0500000, 0x00000000c0500000| Untracked 
|   6|0x00000000c0600000, 0x00000000c0600000, 0x00000000c0700000|  0%| F|  |TAMS 0x00000000c0600000, 0x00000000c0600000| Untracked 
|   7|0x00000000c0700000, 0x00000000c0700000, 0x00000000c0800000|  0%| F|  |TAMS 0x00000000c0700000, 0x00000000c0700000| Untracked 
|   8|0x00000000c0800000, 0x00000000c0800000, 0x00000000c0900000|  0%| F|  |TAMS 0x00000000c0800000, 0x00000000c0800000| Untracked 
|   9|0x00000000c0900000, 0x00000000c0900000, 0x00000000c0a00000|  0%| F|  |TAMS 0x00000000c0900000, 0x00000000c0900000| Untracked 
|  10|0x00000000c0a00000, 0x00000000c0a00000, 0x00000000c0b00000|  0%| F|  |TAMS 0x00000000c0a00000, 0x00000000c0a00000| Untracked 
|  11|0x00000000c0b00000, 0x00000000c0b00000, 0x00000000c0c00000|  0%| F|  |TAMS 0x00000000c0b00000, 0x00000000c0b00000| Untracked 
|  12|0x00000000c0c00000, 0x00000000c0c00000, 0x00000000c0d00000|  0%| F|  |TAMS 0x00000000c0c00000, 0x00000000c0c00000| Untracked 
|  13|0x00000000c0d00000, 0x00000000c0d66758, 0x00000000c0e00000| 40%| E|  |TAMS 0x00000000c0d00000, 0x00000000c0d00000| Complete 
| 181|0x00000000cb500000, 0x00000000cb56c058, 0x00000000cb600000| 42%| O|  |TAMS 0x00000000cb500000, 0x00000000cb500000| Untracked 
| 182|0x00000000cb600000, 0x00000000cb625f18, 0x00000000cb700000| 14%| O|  |TAMS 0x00000000cb600000, 0x00000000cb600000| Untracked 
| 187|0x00000000cbb00000, 0x00000000cbb78fe0, 0x00000000cbc00000| 47%| O|  |TAMS 0x00000000cbb00000, 0x00000000cbb00000| Untracked 

Card table byte_map: [0x000001ad2c520000,0x000001ad2c720000] _byte_map_base: 0x000001ad2bf20000

Marking Bits (Prev, Next): (CMBitMap*) 0x000001ad2818e9e8, (CMBitMap*) 0x000001ad2818ea20
 Prev Bits: [0x000001ad44190000, 0x000001ad45190000)
 Next Bits: [0x000001ad45190000, 0x000001ad46190000)

Polling page: 0x000001ad29860000

Metaspace:

Usage:
  Non-class:      6.04 MB capacity,     5.99 MB (>99%) used,    42.62 KB ( <1%) free+waste,     3.44 KB ( <1%) overhead. 
      Class:    634.00 KB capacity,   589.89 KB ( 93%) used,    42.48 KB (  7%) free+waste,     1.63 KB ( <1%) overhead. 
       Both:      6.66 MB capacity,     6.57 MB ( 99%) used,    85.10 KB (  1%) free+waste,     5.06 KB ( <1%) overhead. 

Virtual space:
  Non-class space:        8.00 MB reserved,       6.25 MB ( 78%) committed 
      Class space:        1.00 GB reserved,     640.00 KB ( <1%) committed 
             Both:        1.01 GB reserved,       6.88 MB ( <1%) committed 

Chunk freelists:
   Non-Class:  3.38 KB
       Class:  768 bytes
        Both:  4.13 KB

CodeHeap 'non-profiled nmethods': size=120000Kb used=87Kb max_used=87Kb free=119912Kb
 bounds [0x000001ad3ca60000, 0x000001ad3ccd0000, 0x000001ad43f90000]
CodeHeap 'profiled nmethods': size=120000Kb used=571Kb max_used=571Kb free=119428Kb
 bounds [0x000001ad35530000, 0x000001ad357a0000, 0x000001ad3ca60000]
CodeHeap 'non-nmethods': size=5760Kb used=1063Kb max_used=1075Kb free=4697Kb
 bounds [0x000001ad34f90000, 0x000001ad35200000, 0x000001ad35530000]
 total_blobs=809 nmethods=363 adapters=265
 compilation: enabled
              stopped_count=0, restarted_count=0
 full_count=0

Compilation events (10 events):
Event: 0.160 Thread 0x000001ad26708800 nmethod 363 0x000001ad355b6390 code [0x000001ad355b65a0, 0x000001ad355b6cb0]
Event: 0.160 Thread 0x000001ad26708800  362       3       org.jpype.manager.TypeManager::isBeanAccessor (60 bytes)
Event: 0.167 Thread 0x000001ad26708800 nmethod 362 0x000001ad355b6f10 code [0x000001ad355b7120, 0x000001ad355b7830]
Event: 0.167 Thread 0x000001ad26708800  360       3       org.jpype.manager.MethodResolution::isMoreSpecificThan (472 bytes)
Event: 0.167 Thread 0x000001ad26704000 nmethod 353 0x000001ad3ca74190 code [0x000001ad3ca74360, 0x000001ad3ca749d8]
Event: 0.167 Thread 0x000001ad26704000  358       4       java.util.HashMap::putVal (300 bytes)
Event: 0.169 Thread 0x000001ad26708800 nmethod 360 0x000001ad355b7a90 code [0x000001ad355b8240, 0x000001ad355bc800]
Event: 0.169 Thread 0x000001ad26708800  361       3       java.lang.String::<init> (74 bytes)
Event: 0.170 Thread 0x000001ad26708800 nmethod 361 0x000001ad355be190 code [0x000001ad355be3a0, 0x000001ad355bea60]
Event: 0.173 Thread 0x000001ad26704000 nmethod 358 0x000001ad3ca74e90 code [0x000001ad3ca750a0, 0x000001ad3ca75920]

GC Heap History (2 events):
Event: 0.161 GC heap before
{Heap before GC invocations=0 (full 0):
 garbage-first heap   total 522240K, used 4096K [0x00000000c0000000, 0x0000000100000000)
  region size 1024K, 5 young (5120K), 0 survivors (0K)
 Metaspace       used 6622K, capacity 6751K, committed 6784K, reserved 1056768K
  class space    used 585K, capacity 634K, committed 640K, reserved 1048576K
}
Event: 0.167 GC heap after
{Heap after GC invocations=1 (full 1):
 garbage-first heap   total 17408K, used 1518K [0x00000000c0000000, 0x0000000100000000)
  region size 1024K, 0 young (0K), 0 survivors (0K)
 Metaspace       used 6622K, capacity 6751K, committed 6784K, reserved 1056768K
  class space    used 585K, capacity 634K, committed 640K, reserved 1048576K
}

Deoptimization events (1 events):
Event: 0.071 Thread 0x000001ad26706800 Uncommon trap: reason=unstable_if action=reinterpret pc=0x000001ad3ca6526c method=java.lang.String.hashCode()I @ 14 c2

Classes redefined (0 events):
No events

Internal exceptions (3 events):
Event: 0.058 Thread 0x000001ad26706800 Exception <a 'java/io/IOException'{0x00000000dfc186d8}: Bad pathname> (0x00000000dfc186d8) thrown at [t:/workspace/open/src/hotspot/share/prims/jni.cpp, line 636]
Event: 0.062 Thread 0x000001ad26706800 Exception <a 'java/io/IOException'{0x00000000dfc1e9f0}: Bad pathname> (0x00000000dfc1e9f0) thrown at [t:/workspace/open/src/hotspot/share/prims/jni.cpp, line 636]
Event: 0.102 Thread 0x000001ad26706800 Exception <a 'java/lang/NoClassDefFoundError'{0x00000000dfb7f100}: org/jpype/classloader/DynamicClassLoader> (0x00000000dfb7f100) thrown at [t:/workspace/open/src/hotspot/share/classfile/systemDictionary.cpp, line 220]

Events (10 events):
Event: 0.186 Executing VM operation: ThreadDump
Event: 0.186 Executing VM operation: ThreadDump done
Event: 0.186 Executing VM operation: RevokeBias
Event: 0.186 Executing VM operation: RevokeBias done
Event: 0.218 Thread 0x000001ad28bff800 Thread exited: 0x000001ad28bff800
Event: 0.219 Executing VM operation: RevokeBias
Event: 0.219 Executing VM operation: RevokeBias done
Event: 0.219 Thread 0x000001ad28c00800 Thread exited: 0x000001ad28c00800
Event: 0.219 Executing VM operation: Exit
Event: 0.219 Thread 0x000001ad26703800 Thread exited: 0x000001ad26703800


Dynamic libraries:
0x00007ff713f90000 - 0x00007ff713fac000 	C:\Users\Admin\anaconda3\envs\zed_env\python.exe
0x00007ff80b310000 - 0x00007ff80b506000 	C:\windows\SYSTEM32\ntdll.dll
0x00007ff80b210000 - 0x00007ff80b2cd000 	C:\windows\System32\KERNEL32.DLL
0x00007ff8090b0000 - 0x00007ff809378000 	C:\windows\System32\KERNELBASE.dll
0x00007ff808ab0000 - 0x00007ff808bb0000 	C:\windows\System32\ucrtbase.dll
0x00007fffe3210000 - 0x00007fffe3225000 	C:\Users\Admin\anaconda3\envs\zed_env\VCRUNTIME140.dll
0x00007fff96ad0000 - 0x00007fff96e93000 	C:\Users\Admin\anaconda3\envs\zed_env\python37.dll
0x00007ff80a640000 - 0x00007ff80a695000 	C:\windows\System32\SHLWAPI.dll
0x00007ff80ac90000 - 0x00007ff80ad2e000 	C:\windows\System32\msvcrt.dll
0x00007ff809c40000 - 0x00007ff809cab000 	C:\windows\System32\WS2_32.dll
0x00007ff80af30000 - 0x00007ff80b054000 	C:\windows\System32\RPCRT4.dll
0x00007ff80a6a0000 - 0x00007ff80a74a000 	C:\windows\System32\ADVAPI32.dll
0x00007ff80a3f0000 - 0x00007ff80a48b000 	C:\windows\System32\sechost.dll
0x00007ff8078c0000 - 0x00007ff8078ca000 	C:\windows\SYSTEM32\VERSION.dll
0x00007ff808420000 - 0x00007ff808438000 	C:\windows\SYSTEM32\CRYPTSP.dll
0x00007ff807b70000 - 0x00007ff807ba4000 	C:\windows\system32\rsaenh.dll
0x00007ff808dd0000 - 0x00007ff808df7000 	C:\windows\System32\bcrypt.dll
0x00007ff808440000 - 0x00007ff80844c000 	C:\windows\SYSTEM32\CRYPTBASE.dll
0x00007ff808c40000 - 0x00007ff808cbf000 	C:\windows\System32\bcryptPrimitives.dll
0x00007ff804460000 - 0x00007ff80446f000 	C:\Users\Admin\anaconda3\envs\zed_env\python3.DLL
0x00007ff804450000 - 0x00007ff804459000 	C:\Users\Admin\anaconda3\envs\zed_env\lib\site-packages\markupsafe\_speedups.cp37-win_amd64.pyd
0x00007ff804430000 - 0x00007ff804448000 	C:\Users\Admin\anaconda3\envs\zed_env\DLLs\_bz2.pyd
0x00007fffd8010000 - 0x00007fffd8040000 	C:\Users\Admin\anaconda3\envs\zed_env\DLLs\_lzma.pyd
0x00007fffe4000000 - 0x00007fffe400d000 	C:\Users\Admin\anaconda3\envs\zed_env\DLLs\_hashlib.pyd
0x0000000067e00000 - 0x00000000680a6000 	C:\Program Files\Git\mingw64\bin\libcrypto-1_1-x64.dll
0x00007ff80a870000 - 0x00007ff80aa10000 	C:\windows\System32\USER32.dll
0x00007ff808c10000 - 0x00007ff808c32000 	C:\windows\System32\win32u.dll
0x00007ff80ab40000 - 0x00007ff80ab6a000 	C:\windows\System32\GDI32.dll
0x00007ff808cc0000 - 0x00007ff808dc9000 	C:\windows\System32\gdi32full.dll
0x00007ff808eb0000 - 0x00007ff808f4d000 	C:\windows\System32\msvcp_win.dll
0x00007ff80aaf0000 - 0x00007ff80ab20000 	C:\windows\System32\IMM32.DLL
0x00007fffb4100000 - 0x00007fffb4144000 	C:\Users\Admin\anaconda3\envs\zed_env\DLLs\_decimal.pyd
0x00007fffa56a0000 - 0x00007fffa57a8000 	C:\Users\Admin\anaconda3\envs\zed_env\DLLs\unicodedata.pyd
0x00007fffe3fd0000 - 0x00007fffe3fe5000 	C:\Users\Admin\anaconda3\envs\zed_env\DLLs\_socket.pyd
0x00007fffe3240000 - 0x00007fffe3249000 	C:\Users\Admin\anaconda3\envs\zed_env\DLLs\select.pyd
0x00007fffc13c0000 - 0x00007fffc13df000 	C:\Users\Admin\anaconda3\envs\zed_env\DLLs\_ssl.pyd
0x00007ff808f50000 - 0x00007ff8090ad000 	C:\windows\System32\CRYPT32.dll
0x000000006d480000 - 0x000000006d50c000 	C:\Program Files\Git\mingw64\bin\libssl-1_1-x64.dll
0x00007fffb40d0000 - 0x00007fffb40f3000 	C:\Users\Admin\anaconda3\envs\zed_env\DLLs\_ctypes.pyd
0x00007ff80ad30000 - 0x00007ff80ae5a000 	C:\windows\System32\ole32.dll
0x00007ff809380000 - 0x00007ff8096d5000 	C:\windows\System32\combase.dll
0x00007ff80b140000 - 0x00007ff80b20d000 	C:\windows\System32\OLEAUT32.dll
0x00007ff809cb0000 - 0x00007ff80a3f0000 	C:\windows\System32\shell32.DLL
0x00007fffe3230000 - 0x00007fffe3239000 	C:\Users\Admin\anaconda3\envs\zed_env\DLLs\_queue.pyd
0x00007ff808250000 - 0x00007ff8082ba000 	C:\windows\system32\mswsock.dll
0x000000006e540000 - 0x00000000701c8000 	C:\Users\Admin\anaconda3\envs\zed_env\lib\site-packages\numpy\.libs\libopenblas.PYQHXLVVQ7VESDPUVUADXEVJOBGHJPAY.gfortran-win_amd64.dll
0x00007fff9d030000 - 0x00007fff9d2e7000 	C:\Users\Admin\anaconda3\envs\zed_env\lib\site-packages\numpy\core\_multiarray_umath.cp37-win_amd64.pyd
0x00007fffb40b0000 - 0x00007fffb40cf000 	C:\Users\Admin\anaconda3\envs\zed_env\lib\site-packages\numpy\core\_multiarray_tests.cp37-win_amd64.pyd
0x00007fffd81d0000 - 0x00007fffd81db000 	C:\Users\Admin\anaconda3\envs\zed_env\lib\site-packages\numpy\linalg\lapack_lite.cp37-win_amd64.pyd
0x00007fffb4080000 - 0x00007fffb40a6000 	C:\Users\Admin\anaconda3\envs\zed_env\lib\site-packages\numpy\linalg\_umath_linalg.cp37-win_amd64.pyd
0x00007fffb4060000 - 0x00007fffb4080000 	C:\Users\Admin\anaconda3\envs\zed_env\lib\site-packages\numpy\fft\_pocketfft_internal.cp37-win_amd64.pyd
0x00007fffa5fb0000 - 0x00007fffa603d000 	C:\Users\Admin\anaconda3\envs\zed_env\lib\site-packages\numpy\random\mtrand.cp37-win_amd64.pyd
0x00007fffb0c90000 - 0x00007fffb0cb9000 	C:\Users\Admin\anaconda3\envs\zed_env\lib\site-packages\numpy\random\_bit_generator.cp37-win_amd64.pyd
0x00007fffb0c60000 - 0x00007fffb0c8d000 	C:\Users\Admin\anaconda3\envs\zed_env\lib\site-packages\numpy\random\_common.cp37-win_amd64.pyd
0x00007fffa5400000 - 0x00007fffa5446000 	C:\Users\Admin\anaconda3\envs\zed_env\lib\site-packages\numpy\random\_bounded_integers.cp37-win_amd64.pyd
0x00007fffb4040000 - 0x00007fffb405c000 	C:\Users\Admin\anaconda3\envs\zed_env\lib\site-packages\numpy\random\_mt19937.cp37-win_amd64.pyd
0x00007fffb3fc0000 - 0x00007fffb3fd7000 	C:\Users\Admin\anaconda3\envs\zed_env\lib\site-packages\numpy\random\_philox.cp37-win_amd64.pyd
0x00007fffb3730000 - 0x00007fffb3745000 	C:\Users\Admin\anaconda3\envs\zed_env\lib\site-packages\numpy\random\_pcg64.cp37-win_amd64.pyd
0x00007fffa6450000 - 0x00007fffa6462000 	C:\Users\Admin\anaconda3\envs\zed_env\lib\site-packages\numpy\random\_sfc64.cp37-win_amd64.pyd
0x00007fffa5270000 - 0x00007fffa530f000 	C:\Users\Admin\anaconda3\envs\zed_env\lib\site-packages\numpy\random\_generator.cp37-win_amd64.pyd
0x00007fff969c0000 - 0x00007fff96acd000 	C:\Users\Admin\anaconda3\envs\zed_env\lib\site-packages\pandas\_libs\interval.cp37-win_amd64.pyd
0x00007fffa3c70000 - 0x00007fffa3cf1000 	C:\Users\Admin\anaconda3\envs\zed_env\lib\site-packages\pandas\_libs\hashtable.cp37-win_amd64.pyd
0x00007fffa5f80000 - 0x00007fffa5fab000 	C:\Users\Admin\anaconda3\envs\zed_env\lib\site-packages\pandas\_libs\missing.cp37-win_amd64.pyd
0x00007fffa5ee0000 - 0x00007fffa5efd000 	C:\Users\Admin\anaconda3\envs\zed_env\lib\site-packages\pandas\_libs\tslibs\dtypes.cp37-win_amd64.pyd
0x00007fff9fef0000 - 0x00007fff9ff2c000 	C:\Users\Admin\anaconda3\envs\zed_env\lib\site-packages\pandas\_libs\tslibs\conversion.cp37-win_amd64.pyd
0x00007fffd8000000 - 0x00007fffd800f000 	C:\Users\Admin\anaconda3\envs\zed_env\lib\site-packages\pandas\_libs\tslibs\base.cp37-win_amd64.pyd
0x00007fffa53d0000 - 0x00007fffa53ff000 	C:\Users\Admin\anaconda3\envs\zed_env\lib\site-packages\pandas\_libs\tslibs\nattype.cp37-win_amd64.pyd
0x00007fffc7c50000 - 0x00007fffc7c5f000 	C:\Users\Admin\anaconda3\envs\zed_env\lib\site-packages\pandas\_libs\tslibs\np_datetime.cp37-win_amd64.pyd
0x00007fff9feb0000 - 0x00007fff9fee4000 	C:\Users\Admin\anaconda3\envs\zed_env\lib\site-packages\pandas\_libs\tslibs\timezones.cp37-win_amd64.pyd
0x00007fff9f900000 - 0x00007fff9f93b000 	C:\Users\Admin\anaconda3\envs\zed_env\lib\site-packages\pandas\_libs\tslibs\tzconversion.cp37-win_amd64.pyd
0x00007fff9f8e0000 - 0x00007fff9f8f2000 	C:\Users\Admin\anaconda3\envs\zed_env\lib\site-packages\pandas\_libs\tslibs\ccalendar.cp37-win_amd64.pyd
0x00007fff9f3e0000 - 0x00007fff9f431000 	C:\Users\Admin\anaconda3\envs\zed_env\lib\site-packages\pandas\_libs\tslibs\parsing.cp37-win_amd64.pyd
0x00007fff9cf60000 - 0x00007fff9d025000 	C:\Users\Admin\anaconda3\envs\zed_env\lib\site-packages\pandas\_libs\tslibs\offsets.cp37-win_amd64.pyd
0x00007fff9f380000 - 0x00007fff9f3dd000 	C:\Users\Admin\anaconda3\envs\zed_env\lib\site-packages\pandas\_libs\tslibs\timedeltas.cp37-win_amd64.pyd
0x00007fff9db60000 - 0x00007fff9dbbf000 	C:\Users\Admin\anaconda3\envs\zed_env\lib\site-packages\pandas\_libs\tslibs\timestamps.cp37-win_amd64.pyd
0x00007fff9f8a0000 - 0x00007fff9f8dc000 	C:\Users\Admin\anaconda3\envs\zed_env\lib\site-packages\pandas\_libs\tslibs\fields.cp37-win_amd64.pyd
0x00007fff9cb40000 - 0x00007fff9cb8d000 	C:\Users\Admin\anaconda3\envs\zed_env\lib\site-packages\pandas\_libs\tslibs\strptime.cp37-win_amd64.pyd
0x00007fff9db40000 - 0x00007fff9db53000 	C:\Users\Admin\anaconda3\envs\zed_env\lib\site-packages\pandas\_libs\properties.cp37-win_amd64.pyd
0x00007fff9cae0000 - 0x00007fff9cb39000 	C:\Users\Admin\anaconda3\envs\zed_env\lib\site-packages\pandas\_libs\tslibs\period.cp37-win_amd64.pyd
0x00007fff96980000 - 0x00007fff969b4000 	C:\Users\Admin\anaconda3\envs\zed_env\lib\site-packages\pandas\_libs\tslibs\vectorized.cp37-win_amd64.pyd
0x00007fff9cf40000 - 0x00007fff9cf52000 	C:\Users\Admin\anaconda3\envs\zed_env\lib\site-packages\pandas\_libs\ops_dispatch.cp37-win_amd64.pyd
0x00007fff96850000 - 0x00007fff9697f000 	C:\Users\Admin\anaconda3\envs\zed_env\lib\site-packages\pandas\_libs\algos.cp37-win_amd64.pyd
0x00007fff967e0000 - 0x00007fff9684f000 	C:\Users\Admin\anaconda3\envs\zed_env\lib\site-packages\pandas\_libs\lib.cp37-win_amd64.pyd
0x00007fff967b0000 - 0x00007fff967d6000 	C:\Users\Admin\anaconda3\envs\zed_env\lib\site-packages\pandas\_libs\tslib.cp37-win_amd64.pyd
0x00007fff96780000 - 0x00007fff967ab000 	C:\Users\Admin\anaconda3\envs\zed_env\lib\site-packages\pandas\_libs\hashing.cp37-win_amd64.pyd
0x00007fff96740000 - 0x00007fff96772000 	C:\Users\Admin\anaconda3\envs\zed_env\lib\site-packages\pandas\_libs\ops.cp37-win_amd64.pyd
0x00007fff966c0000 - 0x00007fff96734000 	C:\Users\Admin\anaconda3\envs\zed_env\lib\site-packages\pandas\_libs\index.cp37-win_amd64.pyd
0x00007fff964e0000 - 0x00007fff966b2000 	C:\Users\Admin\anaconda3\envs\zed_env\lib\site-packages\pandas\_libs\join.cp37-win_amd64.pyd
0x00007fff96410000 - 0x00007fff964d6000 	C:\Users\Admin\anaconda3\envs\zed_env\lib\site-packages\pandas\_libs\sparse.cp37-win_amd64.pyd
0x00007fff963d0000 - 0x00007fff9640c000 	C:\Users\Admin\anaconda3\envs\zed_env\lib\site-packages\pandas\_libs\reshape.cp37-win_amd64.pyd
0x00007fffc78a0000 - 0x00007fffc78b0000 	C:\Users\Admin\anaconda3\envs\zed_env\lib\site-packages\pandas\_libs\indexing.cp37-win_amd64.pyd
0x00007fff96390000 - 0x00007fff963c1000 	C:\Users\Admin\anaconda3\envs\zed_env\lib\site-packages\pandas\_libs\writers.cp37-win_amd64.pyd
0x00007fff96350000 - 0x00007fff96388000 	C:\Users\Admin\anaconda3\envs\zed_env\lib\site-packages\pandas\_libs\internals.cp37-win_amd64.pyd
0x00007fff962f0000 - 0x00007fff96346000 	C:\Users\Admin\anaconda3\envs\zed_env\lib\site-packages\pandas\_libs\window\aggregations.cp37-win_amd64.pyd
0x00007fff96250000 - 0x00007fff962eb000 	C:\Users\Admin\anaconda3\envs\zed_env\lib\site-packages\pandas\_libs\window\MSVCP140.dll
0x00007fff96220000 - 0x00007fff96249000 	C:\Users\Admin\anaconda3\envs\zed_env\lib\site-packages\pandas\_libs\window\indexers.cp37-win_amd64.pyd
0x00007fff96140000 - 0x00007fff96220000 	C:\Users\Admin\anaconda3\envs\zed_env\lib\site-packages\pandas\_libs\groupby.cp37-win_amd64.pyd
0x00007fff960f0000 - 0x00007fff96134000 	C:\Users\Admin\anaconda3\envs\zed_env\lib\site-packages\pandas\_libs\reduction.cp37-win_amd64.pyd
0x00007fff96080000 - 0x00007fff960ea000 	C:\Users\Admin\anaconda3\envs\zed_env\lib\site-packages\pandas\_libs\parsers.cp37-win_amd64.pyd
0x00007fff9cac0000 - 0x00007fff9cad5000 	C:\Users\Admin\anaconda3\envs\zed_env\lib\site-packages\pandas\_libs\json.cp37-win_amd64.pyd
0x00007fff96060000 - 0x00007fff96076000 	C:\Users\Admin\anaconda3\envs\zed_env\lib\site-packages\pandas\_libs\testing.cp37-win_amd64.pyd
0x00007fff95c90000 - 0x00007fff96052000 	C:\Users\Admin\anaconda3\envs\zed_env\lib\site-packages\lxml\etree.cp37-win_amd64.pyd
0x00007fff95c60000 - 0x00007fff95c89000 	C:\Users\Admin\anaconda3\envs\zed_env\lib\site-packages\lxml\_elementpath.cp37-win_amd64.pyd
0x00007fff95bb0000 - 0x00007fff95c52000 	C:\Users\Admin\anaconda3\envs\zed_env\lib\site-packages\_jpype.cp37-win_amd64.pyd
0x00007fffc3840000 - 0x00007fffc3849000 	C:\Users\Admin\anaconda3\envs\zed_env\lib\site-packages\sqlalchemy\cprocessors.cp37-win_amd64.pyd
0x00007fffc3800000 - 0x00007fffc3808000 	C:\Users\Admin\anaconda3\envs\zed_env\lib\site-packages\sqlalchemy\cutils.cp37-win_amd64.pyd
0x00007fffb44e0000 - 0x00007fffb44ea000 	C:\Users\Admin\anaconda3\envs\zed_env\lib\site-packages\sqlalchemy\cresultproxy.cp37-win_amd64.pyd
0x00007ff807f30000 - 0x00007ff807ffb000 	C:\windows\SYSTEM32\DNSAPI.dll
0x00007ff807ef0000 - 0x00007ff807f2b000 	C:\windows\SYSTEM32\IPHLPAPI.DLL
0x00007ff80ab20000 - 0x00007ff80ab29000 	C:\windows\System32\NSI.dll
0x00007ff800000000 - 0x00007ff80000a000 	C:\Windows\System32\rasadhlp.dll
0x00007ffffb8e0000 - 0x00007ffffb95f000 	C:\windows\System32\fwpuclnt.dll
0x0000000062e80000 - 0x0000000062e9f000 	C:\Program Files\Git\mingw64\bin\ZLIB1.dll
0x00007fff8b410000 - 0x00007fff8bf33000 	C:\Program Files\OpenJDK\jdk-11.0.2\bin\server\jvm.dll
0x00007ff80a860000 - 0x00007ff80a868000 	C:\windows\System32\PSAPI.DLL
0x00007ffff19a0000 - 0x00007ffff19a9000 	C:\windows\SYSTEM32\WSOCK32.dll
0x00007ffffda80000 - 0x00007ffffdaa7000 	C:\windows\SYSTEM32\WINMM.dll
0x00007fff95b90000 - 0x00007fff95ba1000 	C:\Program Files\OpenJDK\jdk-11.0.2\bin\verify.dll
0x00007fffebc90000 - 0x00007fffebe74000 	C:\windows\SYSTEM32\DBGHELP.DLL
0x00007fffebc60000 - 0x00007fffebc8c000 	C:\windows\SYSTEM32\dbgcore.DLL
0x00007fff95b60000 - 0x00007fff95b88000 	C:\Program Files\OpenJDK\jdk-11.0.2\bin\java.dll
0x00007fff95b40000 - 0x00007fff95b56000 	C:\Program Files\OpenJDK\jdk-11.0.2\bin\zip.dll
0x00007fffb3db0000 - 0x00007fffb3dba000 	C:\Program Files\OpenJDK\jdk-11.0.2\bin\jimage.dll
0x00007ff806890000 - 0x00007ff8068a2000 	C:\windows\SYSTEM32\kernel.appcore.dll
0x00007ff806a90000 - 0x00007ff807224000 	C:\windows\SYSTEM32\windows.storage.dll
0x00007ff8084d0000 - 0x00007ff8084fc000 	C:\windows\SYSTEM32\Wldp.dll
0x00007ff80ae60000 - 0x00007ff80af0e000 	C:\windows\System32\SHCORE.dll
0x00007ff808990000 - 0x00007ff8089b6000 	C:\windows\SYSTEM32\profapi.dll

dbghelp: loaded successfully - version: 4.0.5 - missing functions: none
symbol engine: initialized successfully - sym options: 0x614 - pdb path: .;C:\Users\Admin\anaconda3\envs\zed_env;C:\windows\SYSTEM32;C:\Users\Admin\anaconda3\envs\zed_env\lib\site-packages\markupsafe;C:\Users\Admin\anaconda3\envs\zed_env\DLLs;C:\Program Files\Git\mingw64\bin;C:\Users\Admin\anaconda3\envs\zed_env\lib\site-packages\numpy\.libs;C:\Users\Admin\anaconda3\envs\zed_env\lib\site-packages\numpy\core;C:\Users\Admin\anaconda3\envs\zed_env\lib\site-packages\numpy\linalg;C:\Users\Admin\anaconda3\envs\zed_env\lib\site-packages\numpy\fft;C:\Users\Admin\anaconda3\envs\zed_env\lib\site-packages\numpy\random;C:\Users\Admin\anaconda3\envs\zed_env\lib\site-packages\pandas\_libs;C:\Users\Admin\anaconda3\envs\zed_env\lib\site-packages\pandas\_libs\tslibs;C:\Users\Admin\anaconda3\envs\zed_env\lib\site-packages\pandas\_libs\window;C:\Users\Admin\anaconda3\envs\zed_env\lib\site-packages\lxml;C:\Users\Admin\anaconda3\envs\zed_env\lib\site-packages;C:\Users\Admin\anaconda3\envs\zed_env\lib\site-packages\sqlalchemy;C:\Program Files\OpenJDK\jdk-11.0.2\bin\server;C:\Program Files\OpenJDK\jdk-11.0.2\bin

VM Arguments:
jvm_args: -Dfile.encoding=UTF8 -ea -Xmx1024m 
java_command: <unknown>
java_class_path (initial): C:\Users\Admin\anaconda3\envs\zed_env\lib\site-packages\konlpy\java;C:\Users\Admin\anaconda3\envs\zed_env\lib\site-packages\konlpy\java\bin;C:\Users\Admin\anaconda3\envs\zed_env\lib\site-packages\konlpy\java\*;C:\Users\Admin\anaconda3\envs\zed_env\lib\site-packages\konlpy\java\jhannanum-0.8.4.jar;C:\Users\Admin\anaconda3\envs\zed_env\lib\site-packages\konlpy\java\kkma-2.0.jar;C:\Users\Admin\anaconda3\envs\zed_env\lib\site-packages\konlpy\java\aho-corasick.jar;C:\Users\Admin\anaconda3\envs\zed_env\lib\site-packages\konlpy\java\shineware-common-1.0.jar;C:\Users\Admin\anaconda3\envs\zed_env\lib\site-packages\konlpy\java\shineware-ds-1.0.jar;C:\Users\Admin\anaconda3\envs\zed_env\lib\site-packages\konlpy\java\komoran-3.0.jar;C:\Users\Admin\anaconda3\envs\zed_env\lib\site-packages\konlpy\java\snakeyaml-1.12.jar;C:\Users\Admin\anaconda3\envs\zed_env\lib\site-packages\konlpy\java\scala-library-2.12.3.jar;C:\Users\Admin\anaconda3\envs\zed_env\lib\site-packages\konlpy\java\open-korean-text-2.1.0.jar;C:\Users\Admin\anaconda3\envs\zed_env\lib\site-packages\konlpy\java\twitter-text-1.14.7.jar;C:\Users\Admin\anaconda3\envs\zed_env\lib\site-packages\konlpy\java\*
Launcher Type: generic

[Global flags]
     intx CICompilerCount                          = 4                                         {product} {ergonomic}
     uint ConcGCThreads                            = 2                                         {product} {ergonomic}
     uint G1ConcRefinementThreads                  = 8                                         {product} {ergonomic}
   size_t G1HeapRegionSize                         = 1048576                                   {product} {ergonomic}
    uintx GCDrainStackTargetSize                   = 64                                        {product} {ergonomic}
   size_t InitialHeapSize                          = 534773760                                 {product} {ergonomic}
   size_t MarkStackSize                            = 4194304                                   {product} {ergonomic}
   size_t MaxHeapSize                              = 1073741824                                {product} {command line}
   size_t MaxNewSize                               = 643825664                                 {product} {ergonomic}
   size_t MinHeapDeltaBytes                        = 1048576                                   {product} {ergonomic}
    uintx NonNMethodCodeHeapSize                   = 5835340                                {pd product} {ergonomic}
    uintx NonProfiledCodeHeapSize                  = 122911450                              {pd product} {ergonomic}
    uintx ProfiledCodeHeapSize                     = 122911450                              {pd product} {ergonomic}
    uintx ReservedCodeCacheSize                    = 251658240                              {pd product} {ergonomic}
     bool SegmentedCodeCache                       = true                                      {product} {ergonomic}
     bool UseCompressedClassPointers               = true                                 {lp64_product} {ergonomic}
     bool UseCompressedOops                        = true                                 {lp64_product} {ergonomic}
     bool UseG1GC                                  = true                                      {product} {ergonomic}
     bool UseLargePagesIndividualAllocation        = false                                  {pd product} {ergonomic}

Logging:
Log output configuration:
 #0: stdout all=warning uptime,level,tags
 #1: stderr all=off uptime,level,tags

Environment Variables:
JAVA_HOME=C:\Program Files\OpenJDK\jdk-11.0.2
PATH=C:\Program Files\Git\mingw64\bin;C:\Program Files\Git\usr\bin;C:\Users\Admin\bin;C:\Users\Admin\anaconda3\envs\zed_env;C:\Users\Admin\anaconda3\envs\zed_env\Library\mingw-w64\bin;C:\Users\Admin\anaconda3\envs\zed_env\Library\usr\bin;C:\Users\Admin\anaconda3\envs\zed_env\Library\bin;C:\Users\Admin\anaconda3\envs\zed_env\Scripts;C:\Users\Admin\anaconda3\envs\zed_env\bin;C:\Users\Admin\anaconda3\condabin;C:\windows\system32;C:\windows;C:\windows\System32\Wbem;C:\windows\System32\WindowsPowerShell\v1.0;C:\windows\System32\OpenSSH;C:\Program Files\Git\cmd;C:\Program Files\MariaDB 10.5\bin;C:\Users\Admin\anaconda3;C:\Users\Admin\anaconda3\Library;C:\Users\Admin\anaconda3\Scripts;C:\Users\Admin\anaconda3\Library\bin;C:\Users\Admin\AppData\Local\Microsoft\WindowsApps;.;C:\Users\Admin\AppData\Local\Programs\Microsoft VS Code\bin;C:\Users\Admin\anaconda3\envs\zed_env\lib\site-packages\numpy\.libs
USERNAME=Admin
OS=Windows_NT
PROCESSOR_IDENTIFIER=Intel64 Family 6 Model 158 Stepping 13, GenuineIntel



---------------  S Y S T E M  ---------------

OS: Windows 10 , 64 bit Build 19041 (10.0.19041.546)

CPU:total 8 (initial active 8) (8 cores per cpu, 1 threads per core) family 6 model 158 stepping 13, cmov, cx8, fxsr, mmx, sse, sse2, sse3, ssse3, sse4.1, sse4.2, popcnt, avx, avx2, aes, clmul, erms, 3dnowpref, lzcnt, tsc, tscinvbit, bmi1, bmi2, adx, fma

Memory: 4k page, system-wide physical 32542M (20953M free)
TotalPageFile size 37406M (AvailPageFile size 18666M)
current process WorkingSet (physical memory assigned to process): 132M, peak: 165M
current process commit charge ("private bytes"): 402M, peak: 951M

vm_info: OpenJDK 64-Bit Server VM (11.0.2+9) for windows-amd64 JRE (11.0.2+9), built on Jan 18 2019 05:23:22 by "mach5one" with MS VC++ 15.5 (VS2017)

END.
